<?xml version="1.0"?>
<testsuites>
  <testsuite name="PhantomJS 1.9.8 (Mac OS X 0.0.0)" package="" timestamp="2015-09-25T14:46:13" id="0" hostname="Retina" make_target="undefined" tests="21" errors="0" failures="0" time="0.565">
    <properties>
      <property name="browser.fullName" value="Mozilla/5.0 (Macintosh; Intel Mac OS X) AppleWebKit/534.34 (KHTML, like Gecko) PhantomJS/1.9.8 Safari/534.34"/>
    </properties>
    <testcase name="should verify empty object is not a health property leaf" time="0.056" classname="." package="PhantomJS 1.9.8 (Mac OS X 0.0.0)" parentSuites="Controllers Tests |HealthController|isHealthObject and hasSubSystem"/>
    <testcase name="should verify object with property status and no subsystems is a health property leaf" time="0.026" classname="." package="PhantomJS 1.9.8 (Mac OS X 0.0.0)" parentSuites="Controllers Tests |HealthController|isHealthObject and hasSubSystem"/>
    <testcase name="should verify that object property status and unrecognized objects is a health property leaf" time="0.019" classname="." package="PhantomJS 1.9.8 (Mac OS X 0.0.0)" parentSuites="Controllers Tests |HealthController|isHealthObject and hasSubSystem"/>
    <testcase name="should verify object with property status but with subsystems is NOT a health property leaf" time="0.022" classname="." package="PhantomJS 1.9.8 (Mac OS X 0.0.0)" parentSuites="Controllers Tests |HealthController|isHealthObject and hasSubSystem"/>
    <testcase name="should flatten empty health data" time="0.023" classname="." package="PhantomJS 1.9.8 (Mac OS X 0.0.0)" parentSuites="Controllers Tests |HealthController|transformHealthData"/>
    <testcase name="should flatten health data with no subsystems" time="0.019" classname="." package="PhantomJS 1.9.8 (Mac OS X 0.0.0)" parentSuites="Controllers Tests |HealthController|transformHealthData"/>
    <testcase name="should flatten health data with subsystems at level 1, main system has no additional information" time="0.021" classname="." package="PhantomJS 1.9.8 (Mac OS X 0.0.0)" parentSuites="Controllers Tests |HealthController|transformHealthData"/>
    <testcase name="should flatten health data with subsystems at level 1, main system has additional information" time="0.025" classname="." package="PhantomJS 1.9.8 (Mac OS X 0.0.0)" parentSuites="Controllers Tests |HealthController|transformHealthData"/>
    <testcase name="should flatten health data with subsystems at level 1, main system has additional error" time="0.024" classname="." package="PhantomJS 1.9.8 (Mac OS X 0.0.0)" parentSuites="Controllers Tests |HealthController|transformHealthData"/>
    <testcase name="should show both path and name if defined" time="0.043" classname="." package="PhantomJS 1.9.8 (Mac OS X 0.0.0)" parentSuites="Controllers Tests |HealthController|getModuleName(path, name)"/>
    <testcase name="should show only path if name is not defined" time="0.021" classname="." package="PhantomJS 1.9.8 (Mac OS X 0.0.0)" parentSuites="Controllers Tests |HealthController|getModuleName(path, name)"/>
    <testcase name="should show only name if path is not defined" time="0.026" classname="." package="PhantomJS 1.9.8 (Mac OS X 0.0.0)" parentSuites="Controllers Tests |HealthController|getModuleName(path, name)"/>
    <testcase name="should show empty string if neither name nor path is defined" time="0.025" classname="." package="PhantomJS 1.9.8 (Mac OS X 0.0.0)" parentSuites="Controllers Tests |HealthController|getModuleName(path, name)"/>
    <testcase name="should set remember Me" time="0.017" classname="." package="PhantomJS 1.9.8 (Mac OS X 0.0.0)" parentSuites="Controllers Tests |LoginController"/>
    <testcase name="should show error if passwords do not match" time="0.022" classname="." package="PhantomJS 1.9.8 (Mac OS X 0.0.0)" parentSuites="Controllers Tests |PasswordController"/>
    <testcase name="should call Service and set OK on Success" time="0.022" classname="." package="PhantomJS 1.9.8 (Mac OS X 0.0.0)" parentSuites="Controllers Tests |PasswordController"/>
    <testcase name="Should display the password strength bar" time="0.064" classname="." package="PhantomJS 1.9.8 (Mac OS X 0.0.0)" parentSuites="Directive Tests |Password strength"/>
    <testcase name="Should change the first 2 points of the strength bar" time="0.026" classname="." package="PhantomJS 1.9.8 (Mac OS X 0.0.0)" parentSuites="Directive Tests |Password strength"/>
    <testcase name="Should change the first 4 points of the strength bar" time="0.021" classname="." package="PhantomJS 1.9.8 (Mac OS X 0.0.0)" parentSuites="Directive Tests |Password strength"/>
    <testcase name="should save account" time="0.018" classname="." package="PhantomJS 1.9.8 (Mac OS X 0.0.0)" parentSuites="Controllers Tests |SettingsController"/>
    <testcase name="should call backend on logout then call authServerProvider.logout" time="0.025" classname="." package="PhantomJS 1.9.8 (Mac OS X 0.0.0)" parentSuites="Services Tests |Auth"/>
    <system-out><![CDATA[PhantomJS 1.9.8 (Mac OS X 0.0.0) DUMP: 'background-image: initial; background-attachment: initial; background-origin: initial; background-clip: initial; background-color: rgb(153, 255, 0); background-position: initial initial; background-repeat: initial initial; '

]]></system-out>
    <system-err/>
  </testsuite>
</testsuites>
