TN:
SF:./main/webapp/bower_components/modernizr/modernizr.js
FN:25,(anonymous_1)
FN:97,(anonymous_2)
FN:155,(anonymous_3)
FN:164,(anonymous_4)
FN:185,(anonymous_5)
FN:193,isEventSupported
FN:231,(anonymous_7)
FN:236,(anonymous_8)
FN:245,bind
FN:254,(anonymous_10)
FN:258,(anonymous_11)
FN:289,setCss
FN:296,setCssAll
FN:303,is
FN:310,contains
FN:334,testProps
FN:350,testDOMProps
FN:378,testPropsAll
FN:404,(anonymous_19)
FN:411,(anonymous_20)
FN:419,(anonymous_21)
FN:424,(anonymous_22)
FN:433,(anonymous_23)
FN:451,(anonymous_24)
FN:457,(anonymous_25)
FN:476,(anonymous_26)
FN:481,(anonymous_27)
FN:488,(anonymous_28)
FN:496,(anonymous_29)
FN:502,(anonymous_30)
FN:511,(anonymous_31)
FN:515,(anonymous_32)
FN:524,(anonymous_33)
FN:530,(anonymous_34)
FN:538,(anonymous_35)
FN:547,(anonymous_36)
FN:565,(anonymous_37)
FN:569,(anonymous_38)
FN:577,(anonymous_39)
FN:582,(anonymous_40)
FN:587,(anonymous_41)
FN:592,(anonymous_42)
FN:609,(anonymous_43)
FN:614,(anonymous_44)
FN:619,(anonymous_45)
FN:643,(anonymous_46)
FN:648,(anonymous_47)
FN:653,(anonymous_48)
FN:665,(anonymous_49)
FN:673,(anonymous_50)
FN:685,(anonymous_51)
FN:688,(anonymous_52)
FN:701,(anonymous_53)
FN:704,(anonymous_54)
FN:727,(anonymous_55)
FN:748,(anonymous_56)
FN:788,(anonymous_57)
FN:798,(anonymous_58)
FN:809,(anonymous_59)
FN:814,(anonymous_60)
FN:820,(anonymous_61)
FN:826,(anonymous_62)
FN:833,(anonymous_63)
FN:842,(anonymous_64)
FN:849,webforms
FN:861,(anonymous_66)
FN:881,(anonymous_67)
FN:969,(anonymous_68)
FN:1010,(anonymous_69)
FN:1039,(anonymous_70)
FN:1046,(anonymous_71)
FN:1073,addStyleSheet
FN:1086,getElements
FN:1097,getExpandoData
FN:1115,createElement
FN:1151,createDocumentFragment
FN:1175,shivMethods
FN:1184,(anonymous_78)
FN:1196,(anonymous_79)
FN:1213,shivDocument
FN:1344,(anonymous_81)
FN:1385,(anonymous_82)
FNF:82
FNH:64
FNDA:1,(anonymous_1)
FNDA:3,(anonymous_2)
FNDA:0,(anonymous_3)
FNDA:0,(anonymous_4)
FNDA:1,(anonymous_5)
FNDA:1,isEventSupported
FNDA:42,(anonymous_7)
FNDA:0,(anonymous_8)
FNDA:0,bind
FNDA:0,(anonymous_10)
FNDA:0,(anonymous_11)
FNDA:6,setCss
FNDA:1,setCssAll
FNDA:29,is
FNDA:27,contains
FNDA:12,testProps
FNDA:1,testDOMProps
FNDA:13,testPropsAll
FNDA:1,(anonymous_19)
FNDA:1,(anonymous_20)
FNDA:1,(anonymous_21)
FNDA:1,(anonymous_22)
FNDA:1,(anonymous_23)
FNDA:1,(anonymous_24)
FNDA:0,(anonymous_25)
FNDA:1,(anonymous_26)
FNDA:1,(anonymous_27)
FNDA:1,(anonymous_28)
FNDA:1,(anonymous_29)
FNDA:1,(anonymous_30)
FNDA:1,(anonymous_31)
FNDA:1,(anonymous_32)
FNDA:1,(anonymous_33)
FNDA:1,(anonymous_34)
FNDA:1,(anonymous_35)
FNDA:1,(anonymous_36)
FNDA:1,(anonymous_37)
FNDA:1,(anonymous_38)
FNDA:1,(anonymous_39)
FNDA:1,(anonymous_40)
FNDA:1,(anonymous_41)
FNDA:1,(anonymous_42)
FNDA:1,(anonymous_43)
FNDA:1,(anonymous_44)
FNDA:1,(anonymous_45)
FNDA:1,(anonymous_46)
FNDA:1,(anonymous_47)
FNDA:1,(anonymous_48)
FNDA:1,(anonymous_49)
FNDA:1,(anonymous_50)
FNDA:1,(anonymous_51)
FNDA:1,(anonymous_52)
FNDA:1,(anonymous_53)
FNDA:1,(anonymous_54)
FNDA:1,(anonymous_55)
FNDA:1,(anonymous_56)
FNDA:1,(anonymous_57)
FNDA:1,(anonymous_58)
FNDA:1,(anonymous_59)
FNDA:1,(anonymous_60)
FNDA:1,(anonymous_61)
FNDA:1,(anonymous_62)
FNDA:1,(anonymous_63)
FNDA:1,(anonymous_64)
FNDA:1,webforms
FNDA:1,(anonymous_66)
FNDA:1,(anonymous_67)
FNDA:0,(anonymous_68)
FNDA:1,(anonymous_69)
FNDA:1,(anonymous_70)
FNDA:0,(anonymous_71)
FNDA:0,addStyleSheet
FNDA:0,getElements
FNDA:1,getExpandoData
FNDA:0,createElement
FNDA:0,createDocumentFragment
FNDA:0,shivMethods
FNDA:0,(anonymous_78)
FNDA:0,(anonymous_79)
FNDA:1,shivDocument
FNDA:0,(anonymous_81)
FNDA:0,(anonymous_82)
DA:25,1
DA:27,1
DA:99,3
DA:106,3
DA:109,0
DA:110,0
DA:111,0
DA:112,0
DA:121,3
DA:122,3
DA:125,3
DA:126,3
DA:127,3
DA:129,0
DA:131,0
DA:132,0
DA:133,0
DA:134,0
DA:137,3
DA:139,3
DA:140,0
DA:141,0
DA:143,3
DA:146,3
DA:157,0
DA:158,0
DA:159,0
DA:162,0
DA:164,0
DA:165,0
DA:170,0
DA:187,1
DA:193,1
DA:195,1
DA:196,1
DA:199,1
DA:201,1
DA:203,0
DA:204,0
DA:206,0
DA:207,0
DA:208,0
DA:211,0
DA:212,0
DA:214,0
DA:218,1
DA:219,1
DA:221,1
DA:230,1
DA:231,1
DA:232,42
DA:236,0
DA:237,0
DA:244,1
DA:245,1
DA:247,0
DA:249,0
DA:250,0
DA:253,0
DA:256,0
DA:258,0
DA:259,0
DA:260,0
DA:262,0
DA:266,0
DA:267,0
DA:269,0
DA:273,0
DA:282,0
DA:289,1
DA:290,6
DA:296,1
DA:297,1
DA:303,1
DA:304,29
DA:310,1
DA:311,27
DA:334,1
DA:335,12
DA:336,24
DA:337,24
DA:338,11
DA:341,1
DA:350,1
DA:351,1
DA:352,5
DA:353,5
DA:356,0
DA:359,0
DA:361,0
DA:365,0
DA:368,1
DA:378,1
DA:380,13
DA:384,13
DA:385,12
DA:389,1
DA:390,1
DA:404,1
DA:405,1
DA:411,1
DA:412,1
DA:419,1
DA:420,1
DA:421,1
DA:424,1
DA:425,1
DA:433,1
DA:434,1
DA:451,1
DA:452,1
DA:454,1
DA:455,1
DA:457,0
DA:458,0
DA:462,1
DA:476,1
DA:477,1
DA:481,1
DA:482,1
DA:488,1
DA:489,1
DA:496,1
DA:497,1
DA:502,1
DA:503,1
DA:511,1
DA:512,1
DA:515,1
DA:516,1
DA:517,1
DA:524,1
DA:525,1
DA:530,1
DA:533,1
DA:535,1
DA:538,1
DA:542,1
DA:544,1
DA:547,1
DA:552,1
DA:557,1
DA:565,1
DA:566,1
DA:569,1
DA:570,1
DA:577,1
DA:578,1
DA:582,1
DA:583,1
DA:587,1
DA:588,1
DA:592,1
DA:597,1
DA:602,1
DA:609,1
DA:610,1
DA:614,1
DA:615,1
DA:619,1
DA:628,1
DA:632,1
DA:639,1
DA:643,1
DA:644,1
DA:648,1
DA:649,1
DA:653,1
DA:655,1
DA:661,1
DA:665,1
DA:666,1
DA:669,1
DA:673,1
DA:674,1
DA:685,1
DA:686,1
DA:688,1
DA:689,1
DA:693,1
DA:696,1
DA:701,1
DA:702,1
DA:704,1
DA:705,1
DA:708,1
DA:727,1
DA:728,1
DA:732,1
DA:733,1
DA:734,0
DA:735,0
DA:738,0
DA:740,0
DA:745,1
DA:748,1
DA:749,1
DA:752,1
DA:753,1
DA:754,0
DA:755,0
DA:756,0
DA:761,0
DA:762,0
DA:767,1
DA:788,1
DA:789,1
DA:790,1
DA:791,1
DA:792,1
DA:794,0
DA:798,1
DA:799,1
DA:800,1
DA:801,1
DA:802,1
DA:804,0
DA:809,1
DA:810,1
DA:814,1
DA:815,1
DA:820,1
DA:821,1
DA:826,1
DA:827,1
DA:828,1
DA:829,1
DA:833,1
DA:834,1
DA:842,1
DA:843,1
DA:849,1
DA:861,1
DA:862,1
DA:863,10
DA:865,1
DA:868,1
DA:870,1
DA:881,1
DA:883,1
DA:885,13
DA:886,13
DA:891,13
DA:893,13
DA:894,13
DA:896,13
DA:898,1
DA:899,1
DA:902,1
DA:908,1
DA:910,12
DA:917,10
DA:919,2
DA:923,8
DA:927,13
DA:929,1
DA:943,1
DA:944,42
DA:948,42
DA:949,42
DA:951,42
DA:957,1
DA:969,1
DA:970,0
DA:971,0
DA:972,0
DA:973,0
DA:978,0
DA:980,0
DA:986,0
DA:989,0
DA:991,0
DA:992,0
DA:994,0
DA:998,0
DA:1003,1
DA:1004,1
DA:1010,1
DA:1013,1
DA:1016,1
DA:1019,1
DA:1022,1
DA:1025,1
DA:1028,1
DA:1031,1
DA:1034,1
DA:1037,1
DA:1039,1
DA:1040,1
DA:1041,1
DA:1042,1
DA:1044,1
DA:1046,1
DA:1048,0
DA:1049,0
DA:1050,0
DA:1058,0
DA:1059,0
DA:1073,1
DA:1074,0
DA:1077,0
DA:1078,0
DA:1086,1
DA:1087,0
DA:1088,0
DA:1097,1
DA:1098,1
DA:1099,1
DA:1100,1
DA:1101,1
DA:1102,1
DA:1103,1
DA:1105,1
DA:1115,1
DA:1116,0
DA:1117,0
DA:1119,0
DA:1120,0
DA:1122,0
DA:1123,0
DA:1125,0
DA:1127,0
DA:1128,0
DA:1129,0
DA:1130,0
DA:1132,0
DA:1142,0
DA:1151,1
DA:1152,0
DA:1153,0
DA:1155,0
DA:1156,0
DA:1158,0
DA:1159,0
DA:1163,0
DA:1164,0
DA:1166,0
DA:1175,1
DA:1176,0
DA:1177,0
DA:1178,0
DA:1179,0
DA:1180,0
DA:1184,0
DA:1186,0
DA:1187,0
DA:1189,0
DA:1192,0
DA:1197,0
DA:1198,0
DA:1199,0
DA:1213,1
DA:1214,1
DA:1215,0
DA:1217,1
DA:1219,1
DA:1220,0
DA:1229,1
DA:1230,0
DA:1232,1
DA:1246,1
DA:1302,1
DA:1305,1
DA:1311,1
DA:1315,1
DA:1318,1
DA:1319,1
DA:1331,1
DA:1337,1
DA:1344,1
DA:1345,0
DA:1354,1
DA:1361,1
DA:1385,1
DA:1386,0
DA:1387,0
DA:1390,0
DA:1398,1
DA:1404,1
LF:379
LH:256
BRDA:104,1,0,3
BRDA:104,1,1,0
BRDA:106,2,0,0
BRDA:106,2,1,3
BRDA:111,3,0,0
BRDA:111,3,1,0
BRDA:125,4,0,3
BRDA:125,4,1,0
BRDA:127,5,0,0
BRDA:127,5,1,3
BRDA:139,6,0,0
BRDA:139,6,1,3
BRDA:157,7,0,0
BRDA:157,7,1,0
BRDA:158,8,0,0
BRDA:158,8,1,0
BRDA:159,9,0,0
BRDA:159,9,1,0
BRDA:159,9,2,0
BRDA:165,10,0,0
BRDA:165,10,1,0
BRDA:195,11,0,1
BRDA:195,11,1,0
BRDA:195,12,0,0
BRDA:195,12,1,0
BRDA:201,13,0,0
BRDA:201,13,1,1
BRDA:203,14,0,0
BRDA:203,14,1,0
BRDA:206,15,0,0
BRDA:206,15,1,0
BRDA:206,16,0,0
BRDA:206,16,1,0
BRDA:211,17,0,0
BRDA:211,17,1,0
BRDA:230,18,0,1
BRDA:230,18,1,0
BRDA:230,19,0,1
BRDA:230,19,1,1
BRDA:237,20,0,0
BRDA:237,20,1,0
BRDA:244,21,0,1
BRDA:244,21,1,0
BRDA:249,22,0,0
BRDA:249,22,1,0
BRDA:256,23,0,0
BRDA:256,23,1,0
BRDA:266,24,0,0
BRDA:266,24,1,0
BRDA:297,25,0,1
BRDA:297,25,1,1
BRDA:337,26,0,11
BRDA:337,26,1,13
BRDA:337,27,0,24
BRDA:337,27,1,24
BRDA:338,28,0,0
BRDA:338,28,1,11
BRDA:353,29,0,0
BRDA:353,29,1,5
BRDA:356,30,0,0
BRDA:356,30,1,0
BRDA:359,31,0,0
BRDA:359,31,1,0
BRDA:361,32,0,0
BRDA:361,32,1,0
BRDA:384,33,0,12
BRDA:384,33,1,1
BRDA:384,34,0,13
BRDA:384,34,1,13
BRDA:421,35,0,1
BRDA:421,35,1,1
BRDA:425,36,0,1
BRDA:425,36,1,1
BRDA:454,37,0,1
BRDA:454,37,1,0
BRDA:454,38,0,1
BRDA:454,38,1,0
BRDA:454,38,2,0
BRDA:503,39,0,1
BRDA:503,39,1,1
BRDA:503,39,2,0
BRDA:512,40,0,1
BRDA:512,40,1,1
BRDA:517,41,0,1
BRDA:517,41,1,0
BRDA:517,41,2,0
BRDA:525,42,0,1
BRDA:525,42,1,0
BRDA:544,43,0,1
BRDA:544,43,1,0
BRDA:661,44,0,1
BRDA:661,44,1,0
BRDA:661,45,0,1
BRDA:661,45,1,1
BRDA:666,46,0,1
BRDA:666,46,1,0
BRDA:690,47,0,1
BRDA:690,47,1,0
BRDA:691,48,0,1
BRDA:691,48,1,0
BRDA:691,49,0,1
BRDA:691,49,1,0
BRDA:691,50,0,1
BRDA:691,50,1,1
BRDA:691,51,0,0
BRDA:691,51,1,0
BRDA:693,52,0,1
BRDA:693,52,1,1
BRDA:733,53,0,0
BRDA:733,53,1,1
BRDA:753,54,0,0
BRDA:753,54,1,1
BRDA:762,55,0,0
BRDA:762,55,1,0
BRDA:821,56,0,1
BRDA:821,56,1,1
BRDA:829,57,0,1
BRDA:829,57,1,1
BRDA:834,58,0,1
BRDA:834,58,1,1
BRDA:843,59,0,1
BRDA:843,59,1,1
BRDA:865,60,0,1
BRDA:865,60,1,0
BRDA:868,61,0,1
BRDA:868,61,1,1
BRDA:891,62,0,13
BRDA:891,62,1,0
BRDA:896,63,0,1
BRDA:896,63,1,12
BRDA:896,64,0,13
BRDA:896,64,1,1
BRDA:902,65,0,1
BRDA:902,65,1,1
BRDA:902,65,2,1
BRDA:910,66,0,2
BRDA:910,66,1,10
BRDA:917,67,0,2
BRDA:917,67,1,8
BRDA:919,68,0,2
BRDA:919,68,1,2
BRDA:944,69,0,42
BRDA:944,69,1,0
BRDA:951,70,0,35
BRDA:951,70,1,7
BRDA:957,71,0,1
BRDA:957,71,1,1
BRDA:970,72,0,0
BRDA:970,72,1,0
BRDA:972,73,0,0
BRDA:972,73,1,0
BRDA:980,74,0,0
BRDA:980,74,1,0
BRDA:989,75,0,0
BRDA:989,75,1,0
BRDA:991,76,0,0
BRDA:991,76,1,0
BRDA:991,77,0,0
BRDA:991,77,1,0
BRDA:992,78,0,0
BRDA:992,78,1,0
BRDA:1016,79,0,1
BRDA:1016,79,1,1
BRDA:1046,80,0,1
BRDA:1046,80,1,0
BRDA:1051,81,0,0
BRDA:1051,81,1,0
BRDA:1051,81,2,0
BRDA:1075,82,0,0
BRDA:1075,82,1,0
BRDA:1088,83,0,0
BRDA:1088,83,1,0
BRDA:1099,84,0,1
BRDA:1099,84,1,0
BRDA:1116,85,0,0
BRDA:1116,85,1,0
BRDA:1119,86,0,0
BRDA:1119,86,1,0
BRDA:1122,87,0,0
BRDA:1122,87,1,0
BRDA:1127,88,0,0
BRDA:1127,88,1,0
BRDA:1129,89,0,0
BRDA:1129,89,1,0
BRDA:1142,90,0,0
BRDA:1142,90,1,0
BRDA:1142,91,0,0
BRDA:1142,91,1,0
BRDA:1142,91,2,0
BRDA:1152,92,0,0
BRDA:1152,92,1,0
BRDA:1155,93,0,0
BRDA:1155,93,1,0
BRDA:1158,94,0,0
BRDA:1158,94,1,0
BRDA:1176,95,0,0
BRDA:1176,95,1,0
BRDA:1186,96,0,0
BRDA:1186,96,1,0
BRDA:1214,97,0,0
BRDA:1214,97,1,1
BRDA:1219,98,0,0
BRDA:1219,98,1,1
BRDA:1219,99,0,1
BRDA:1219,99,1,1
BRDA:1219,99,2,0
BRDA:1229,100,0,0
BRDA:1229,100,1,1
BRDA:1253,101,0,1
BRDA:1253,101,1,1
BRDA:1386,102,0,0
BRDA:1386,102,1,0
BRDA:1401,103,0,1
BRDA:1401,103,1,0
BRF:214
BRH:91
end_of_record
TN:
SF:./main/webapp/bower_components/jquery/dist/jquery.js
FN:15,(anonymous_1)
FN:27,(anonymous_2)
FN:38,(anonymous_3)
FN:73,(anonymous_4)
FN:88,(anonymous_5)
FN:104,(anonymous_6)
FN:110,(anonymous_7)
FN:122,(anonymous_8)
FN:138,(anonymous_9)
FN:142,(anonymous_10)
FN:143,(anonymous_11)
FN:148,(anonymous_12)
FN:152,(anonymous_13)
FN:156,(anonymous_14)
FN:160,(anonymous_15)
FN:166,(anonymous_16)
FN:177,(anonymous_17)
FN:249,(anonymous_18)
FN:253,(anonymous_19)
FN:255,(anonymous_20)
FN:261,(anonymous_21)
FN:265,(anonymous_22)
FN:273,(anonymous_23)
FN:292,(anonymous_24)
FN:300,(anonymous_25)
FN:311,(anonymous_26)
FN:336,(anonymous_27)
FN:340,(anonymous_28)
FN:345,(anonymous_29)
FN:395,(anonymous_30)
FN:402,(anonymous_31)
FN:419,(anonymous_32)
FN:423,(anonymous_33)
FN:437,(anonymous_34)
FN:457,(anonymous_35)
FN:494,(anonymous_36)
FN:511,(anonymous_37)
FN:529,(anonymous_38)
FN:533,isArraylike
FN:564,(anonymous_40)
FN:596,(anonymous_41)
FN:615,(anonymous_42)
FN:699,(anonymous_43)
FN:717,(anonymous_44)
FN:734,(anonymous_45)
FN:740,(anonymous_46)
FN:750,Sizzle
FN:864,createCache
FN:867,cache
FN:882,markFunction
FN:891,assert
FN:913,addHandle
FN:928,siblingCheck
FN:955,createInputPseudo
FN:956,(anonymous_55)
FN:966,createButtonPseudo
FN:967,(anonymous_57)
FN:977,createPositionalPseudo
FN:978,(anonymous_59)
FN:980,(anonymous_60)
FN:1000,testContext
FN:1012,(anonymous_62)
FN:1024,(anonymous_63)
FN:1061,(anonymous_64)
FN:1070,(anonymous_65)
FN:1082,(anonymous_66)
FN:1089,(anonymous_67)
FN:1097,(anonymous_68)
FN:1099,(anonymous_69)
FN:1108,(anonymous_70)
FN:1110,(anonymous_71)
FN:1119,(anonymous_72)
FN:1129,(anonymous_73)
FN:1150,(anonymous_74)
FN:1174,(anonymous_75)
FN:1218,(anonymous_76)
FN:1249,(anonymous_77)
FN:1272,(anonymous_78)
FN:1281,(anonymous_79)
FN:1297,(anonymous_80)
FN:1338,(anonymous_81)
FN:1395,(anonymous_82)
FN:1399,(anonymous_83)
FN:1428,(anonymous_84)
FN:1436,(anonymous_85)
FN:1457,(anonymous_86)
FN:1465,(anonymous_87)
FN:1498,(anonymous_88)
FN:1550,(anonymous_89)
FN:1563,(anonymous_90)
FN:1595,(anonymous_91)
FN:1626,(anonymous_92)
FN:1629,(anonymous_93)
FN:1630,(anonymous_94)
FN:1635,(anonymous_95)
FN:1640,(anonymous_96)
FN:1645,(anonymous_97)
FN:1646,(anonymous_98)
FN:1669,(anonymous_99)
FN:1677,(anonymous_100)
FN:1681,(anonymous_101)
FN:1758,(anonymous_102)
FN:1778,(anonymous_103)
FN:1787,(anonymous_104)
FN:1798,(anonymous_105)
FN:1807,(anonymous_106)
FN:1819,(anonymous_107)
FN:1828,(anonymous_108)
FN:1829,(anonymous_109)
FN:1834,(anonymous_110)
FN:1836,(anonymous_111)
FN:1848,(anonymous_112)
FN:1854,(anonymous_113)
FN:1870,(anonymous_114)
FN:1875,(anonymous_115)
FN:1879,(anonymous_116)
FN:1884,(anonymous_117)
FN:1888,(anonymous_118)
FN:1892,(anonymous_119)
FN:1899,(anonymous_120)
FN:1910,(anonymous_121)
FN:1923,(anonymous_122)
FN:1928,(anonymous_123)
FN:1932,(anonymous_124)
FN:1936,(anonymous_125)
FN:1941,(anonymous_126)
FN:1952,(anonymous_127)
FN:1956,(anonymous_128)
FN:1960,(anonymous_129)
FN:1964,(anonymous_130)
FN:1972,(anonymous_131)
FN:1980,(anonymous_132)
FN:1988,(anonymous_133)
FN:2009,setFilters
FN:2013,(anonymous_135)
FN:2080,toSelector
FN:2090,addCombinator
FN:2097,(anonymous_138)
FN:2106,(anonymous_139)
FN:2143,elementMatcher
FN:2145,(anonymous_141)
FN:2157,multipleContexts
FN:2166,condense
FN:2187,setMatcher
FN:2194,(anonymous_145)
FN:2280,matcherFromTokens
FN:2288,(anonymous_147)
FN:2291,(anonymous_148)
FN:2294,(anonymous_149)
FN:2338,matcherFromGroupMatchers
FN:2341,(anonymous_151)
FN:2437,(anonymous_152)
FN:2476,(anonymous_153)
FN:2560,(anonymous_154)
FN:2568,(anonymous_155)
FN:2572,(anonymous_156)
FN:2581,(anonymous_157)
FN:2586,(anonymous_158)
FN:2595,(anonymous_159)
FN:2598,(anonymous_160)
FN:2634,winnow
FN:2636,(anonymous_162)
FN:2644,(anonymous_163)
FN:2658,(anonymous_164)
FN:2663,(anonymous_165)
FN:2672,(anonymous_166)
FN:2678,(anonymous_167)
FN:2685,(anonymous_168)
FN:2703,(anonymous_169)
FN:2706,(anonymous_170)
FN:2709,(anonymous_171)
FN:2735,(anonymous_172)
FN:2851,(anonymous_173)
FN:2866,(anonymous_174)
FN:2880,(anonymous_175)
FN:2884,(anonymous_176)
FN:2894,(anonymous_177)
FN:2923,(anonymous_178)
FN:2943,(anonymous_179)
FN:2951,(anonymous_180)
FN:2958,sibling
FN:2964,(anonymous_182)
FN:2968,(anonymous_183)
FN:2971,(anonymous_184)
FN:2974,(anonymous_185)
FN:2977,(anonymous_186)
FN:2980,(anonymous_187)
FN:2983,(anonymous_188)
FN:2986,(anonymous_189)
FN:2989,(anonymous_190)
FN:2992,(anonymous_191)
FN:2995,(anonymous_192)
FN:2998,(anonymous_193)
FN:3001,(anonymous_194)
FN:3002,(anonymous_195)
FN:3036,createOptions
FN:3038,(anonymous_197)
FN:3066,(anonymous_198)
FN:3091,(anonymous_199)
FN:3120,(anonymous_200)
FN:3124,add
FN:3125,(anonymous_202)
FN:3151,(anonymous_203)
FN:3153,(anonymous_204)
FN:3173,(anonymous_205)
FN:3177,(anonymous_206)
FN:3183,(anonymous_207)
FN:3188,(anonymous_208)
FN:3192,(anonymous_209)
FN:3200,(anonymous_210)
FN:3204,(anonymous_211)
FN:3217,(anonymous_212)
FN:3222,(anonymous_213)
FN:3233,(anonymous_214)
FN:3242,(anonymous_215)
FN:3245,(anonymous_216)
FN:3249,(anonymous_217)
FN:3251,(anonymous_218)
FN:3252,(anonymous_219)
FN:3255,(anonymous_220)
FN:3272,(anonymous_221)
FN:3282,(anonymous_222)
FN:3291,(anonymous_223)
FN:3300,(anonymous_224)
FN:3320,(anonymous_225)
FN:3332,(anonymous_226)
FN:3333,(anonymous_227)
FN:3376,(anonymous_228)
FN:3392,(anonymous_229)
FN:3401,(anonymous_230)
FN:3430,completed
FN:3436,(anonymous_232)
FN:3468,(anonymous_233)
FN:3497,(anonymous_234)
FN:3523,(anonymous_235)
FN:3535,Data
FN:3540,(anonymous_237)
FN:3552,(anonymous_238)
FN:3588,(anonymous_239)
FN:3614,(anonymous_240)
FN:3624,(anonymous_241)
FN:3658,(anonymous_242)
FN:3696,(anonymous_243)
FN:3701,(anonymous_244)
FN:3726,dataAttr
FN:3756,(anonymous_246)
FN:3760,(anonymous_247)
FN:3764,(anonymous_248)
FN:3770,(anonymous_249)
FN:3774,(anonymous_250)
FN:3780,(anonymous_251)
FN:3813,(anonymous_252)
FN:3818,(anonymous_253)
FN:3854,(anonymous_254)
FN:3874,(anonymous_255)
FN:3875,(anonymous_256)
FN:3883,(anonymous_257)
FN:3902,(anonymous_258)
FN:3909,(anonymous_259)
FN:3938,(anonymous_260)
FN:3941,(anonymous_261)
FN:3949,(anonymous_262)
FN:3964,(anonymous_263)
FN:3975,(anonymous_264)
FN:3976,(anonymous_265)
FN:3980,(anonymous_266)
FN:3985,(anonymous_267)
FN:3991,(anonymous_268)
FN:4018,(anonymous_269)
FN:4029,(anonymous_270)
FN:4066,returnTrue
FN:4070,returnFalse
FN:4074,safeActiveElement
FN:4088,(anonymous_274)
FN:4117,(anonymous_275)
FN:4194,(anonymous_276)
FN:4264,(anonymous_277)
FN:4396,(anonymous_278)
FN:4455,(anonymous_279)
FN:4508,(anonymous_280)
FN:4521,(anonymous_281)
FN:4545,(anonymous_282)
FN:4594,(anonymous_283)
FN:4603,(anonymous_284)
FN:4613,(anonymous_285)
FN:4621,(anonymous_286)
FN:4627,(anonymous_287)
FN:4638,(anonymous_288)
FN:4662,(anonymous_289)
FN:4668,(anonymous_290)
FN:4712,(anonymous_291)
FN:4721,(anonymous_292)
FN:4730,(anonymous_293)
FN:4750,(anonymous_294)
FN:4755,(anonymous_295)
FN:4776,(anonymous_296)
FN:4779,(anonymous_297)
FN:4784,(anonymous_298)
FN:4793,(anonymous_299)
FN:4811,(anonymous_300)
FN:4852,(anonymous_301)
FN:4860,(anonymous_302)
FN:4864,(anonymous_303)
FN:4867,(anonymous_304)
FN:4894,(anonymous_305)
FN:4899,(anonymous_306)
FN:4900,(anonymous_307)
FN:4904,(anonymous_308)
FN:4946,manipulationTarget
FN:4956,disableScript
FN:4960,restoreScript
FN:4973,setGlobalEval
FN:4984,cloneCopyEvent
FN:5018,getAll
FN:5029,fixInput
FN:5043,(anonymous_316)
FN:5085,(anonymous_317)
FN:5171,(anonymous_318)
FN:5205,(anonymous_319)
FN:5206,(anonymous_320)
FN:5209,(anonymous_321)
FN:5217,(anonymous_322)
FN:5218,(anonymous_323)
FN:5226,(anonymous_324)
FN:5227,(anonymous_325)
FN:5235,(anonymous_326)
FN:5236,(anonymous_327)
FN:5243,(anonymous_328)
FN:5244,(anonymous_329)
FN:5251,(anonymous_330)
FN:5272,(anonymous_331)
FN:5290,(anonymous_332)
FN:5294,(anonymous_333)
FN:5299,(anonymous_334)
FN:5300,(anonymous_335)
FN:5338,(anonymous_336)
FN:5342,(anonymous_337)
FN:5356,(anonymous_338)
FN:5360,(anonymous_339)
FN:5377,(anonymous_340)
FN:5453,(anonymous_341)
FN:5454,(anonymous_342)
FN:5484,actualDisplay
FN:5506,defaultDisplay
FN:5540,(anonymous_345)
FN:5553,curCSS
FN:5601,addGetHookIf
FN:5604,(anonymous_348)
FN:5619,(anonymous_349)
FN:5641,computePixelPositionAndBoxSizingReliable
FN:5662,(anonymous_351)
FN:5670,(anonymous_352)
FN:5676,(anonymous_353)
FN:5709,(anonymous_354)
FN:5746,vendorPropName
FN:5768,setPositiveNumber
FN:5776,augmentWidthOrHeight
FN:5815,getWidthOrHeight
FN:5859,showHide
FN:5916,(anonymous_360)
FN:5950,(anonymous_361)
FN:6010,(anonymous_362)
FN:6044,(anonymous_363)
FN:6046,(anonymous_364)
FN:6052,(anonymous_365)
FN:6059,(anonymous_366)
FN:6076,(anonymous_367)
FN:6089,(anonymous_368)
FN:6091,(anonymous_369)
FN:6113,(anonymous_370)
FN:6114,(anonymous_371)
FN:6135,(anonymous_372)
FN:6138,(anonymous_373)
FN:6141,(anonymous_374)
FN:6146,(anonymous_375)
FN:6157,Tween
FN:6164,(anonymous_377)
FN:6173,(anonymous_378)
FN:6180,(anonymous_379)
FN:6210,(anonymous_380)
FN:6226,(anonymous_381)
FN:6244,(anonymous_382)
FN:6252,(anonymous_383)
FN:6255,(anonymous_384)
FN:6275,(anonymous_385)
FN:6326,createFxNow
FN:6327,(anonymous_387)
FN:6334,genFx
FN:6354,createTween
FN:6368,defaultPrefilter
FN:6383,(anonymous_391)
FN:6391,(anonymous_392)
FN:6393,(anonymous_393)
FN:6425,(anonymous_394)
FN:6471,(anonymous_395)
FN:6475,(anonymous_396)
FN:6501,propFilter
FN:6538,Animation
FN:6543,(anonymous_399)
FN:6547,(anonymous_400)
FN:6582,(anonymous_401)
FN:6588,(anonymous_402)
FN:6644,(anonymous_403)
FN:6663,(anonymous_404)
FN:6672,(anonymous_405)
FN:6691,(anonymous_406)
FN:6705,(anonymous_407)
FN:6713,(anonymous_408)
FN:6716,(anonymous_409)
FN:6731,(anonymous_410)
FN:6732,(anonymous_411)
FN:6747,(anonymous_412)
FN:6781,(anonymous_413)
FN:6785,(anonymous_414)
FN:6824,(anonymous_415)
FN:6826,(anonymous_416)
FN:6841,(anonymous_417)
FN:6842,(anonymous_418)
FN:6848,(anonymous_419)
FN:6869,(anonymous_420)
FN:6880,(anonymous_421)
FN:6886,(anonymous_422)
FN:6901,(anonymous_423)
FN:6905,(anonymous_424)
FN:6907,(anonymous_425)
FN:6914,(anonymous_426)
FN:6947,(anonymous_427)
FN:6951,(anonymous_428)
FN:6952,(anonymous_429)
FN:6959,(anonymous_430)
FN:7007,(anonymous_431)
FN:7029,(anonymous_432)
FN:7046,(anonymous_433)
FN:7056,(anonymous_434)
FN:7059,(anonymous_435)
FN:7080,(anonymous_436)
FN:7084,(anonymous_437)
FN:7085,(anonymous_438)
FN:7097,(anonymous_439)
FN:7128,(anonymous_440)
FN:7139,(anonymous_441)
FN:7160,(anonymous_442)
FN:7170,(anonymous_443)
FN:7177,(anonymous_444)
FN:7213,(anonymous_445)
FN:7220,(anonymous_446)
FN:7256,(anonymous_447)
FN:7264,(anonymous_448)
FN:7269,(anonymous_449)
FN:7302,(anonymous_450)
FN:7322,(anonymous_451)
FN:7348,(anonymous_452)
FN:7369,(anonymous_453)
FN:7387,(anonymous_454)
FN:7397,(anonymous_455)
FN:7434,(anonymous_456)
FN:7458,(anonymous_457)
FN:7460,(anonymous_458)
FN:7467,(anonymous_459)
FN:7481,(anonymous_460)
FN:7484,(anonymous_461)
FN:7492,(anonymous_462)
FN:7496,(anonymous_463)
FN:7499,(anonymous_464)
FN:7503,(anonymous_465)
FN:7506,(anonymous_466)
FN:7521,(anonymous_467)
FN:7527,(anonymous_468)
FN:7586,addToPrefiltersOrTransports
FN:7589,(anonymous_470)
FN:7618,inspectPrefiltersOrTransports
FN:7623,inspect
FN:7626,(anonymous_473)
FN:7645,ajaxExtend
FN:7665,ajaxHandleResponses
FN:7721,ajaxConvert
FN:7891,(anonymous_477)
FN:7905,(anonymous_478)
FN:7955,(anonymous_479)
FN:7970,(anonymous_480)
FN:7975,(anonymous_481)
FN:7985,(anonymous_482)
FN:7993,(anonymous_483)
FN:8010,(anonymous_484)
FN:8159,(anonymous_485)
FN:8179,done
FN:8293,(anonymous_487)
FN:8297,(anonymous_488)
FN:8302,(anonymous_489)
FN:8303,(anonymous_490)
FN:8322,(anonymous_491)
FN:8335,(anonymous_492)
FN:8339,(anonymous_493)
FN:8353,(anonymous_494)
FN:8367,(anonymous_495)
FN:8369,(anonymous_496)
FN:8374,(anonymous_497)
FN:8387,(anonymous_498)
FN:8390,(anonymous_499)
FN:8395,(anonymous_500)
FN:8396,(anonymous_501)
FN:8405,(anonymous_502)
FN:8410,(anonymous_503)
FN:8423,buildParams
FN:8428,(anonymous_505)
FN:8453,(anonymous_506)
FN:8456,(anonymous_507)
FN:8470,(anonymous_508)
FN:8487,(anonymous_509)
FN:8490,(anonymous_510)
FN:8491,(anonymous_511)
FN:8496,(anonymous_512)
FN:8504,(anonymous_513)
FN:8510,(anonymous_514)
FN:8519,(anonymous_515)
FN:8540,(anonymous_516)
FN:8550,(anonymous_517)
FN:8556,(anonymous_518)
FN:8590,(anonymous_519)
FN:8591,(anonymous_520)
FN:8639,(anonymous_521)
FN:8660,(anonymous_522)
FN:8668,(anonymous_523)
FN:8678,(anonymous_524)
FN:8683,(anonymous_525)
FN:8690,(anonymous_526)
FN:8700,(anonymous_527)
FN:8718,(anonymous_528)
FN:8726,(anonymous_529)
FN:8750,(anonymous_530)
FN:8762,(anonymous_531)
FN:8767,(anonymous_532)
FN:8799,(anonymous_533)
FN:8833,(anonymous_534)
FN:8868,(anonymous_535)
FN:8882,(anonymous_536)
FN:8894,(anonymous_537)
FN:8895,(anonymous_538)
FN:8903,(anonymous_539)
FN:8904,(anonymous_540)
FN:8917,getWindow
FN:8922,(anonymous_542)
FN:8972,(anonymous_543)
FN:8976,(anonymous_544)
FN:9009,(anonymous_545)
FN:9045,(anonymous_546)
FN:9046,(anonymous_547)
FN:9059,(anonymous_548)
FN:9062,(anonymous_549)
FN:9063,(anonymous_550)
FN:9089,(anonymous_551)
FN:9091,(anonymous_552)
FN:9105,(anonymous_553)
FN:9106,(anonymous_554)
FN:9108,(anonymous_555)
FN:9112,(anonymous_556)
FN:9148,(anonymous_557)
FN:9171,(anonymous_558)
FN:9186,(anonymous_559)
FNF:559
FNH:160
FNDA:1,(anonymous_1)
FNDA:0,(anonymous_2)
FNDA:1,(anonymous_3)
FNDA:98,(anonymous_4)
FNDA:0,(anonymous_5)
FNDA:0,(anonymous_6)
FNDA:0,(anonymous_7)
FNDA:27,(anonymous_8)
FNDA:79,(anonymous_9)
FNDA:0,(anonymous_10)
FNDA:0,(anonymous_11)
FNDA:2,(anonymous_12)
FNDA:0,(anonymous_13)
FNDA:0,(anonymous_14)
FNDA:0,(anonymous_15)
FNDA:0,(anonymous_16)
FNDA:90,(anonymous_17)
FNDA:0,(anonymous_18)
FNDA:0,(anonymous_19)
FNDA:25,(anonymous_20)
FNDA:126,(anonymous_21)
FNDA:0,(anonymous_22)
FNDA:11,(anonymous_23)
FNDA:92,(anonymous_24)
FNDA:207,(anonymous_25)
FNDA:0,(anonymous_26)
FNDA:63,(anonymous_27)
FNDA:31,(anonymous_28)
FNDA:106,(anonymous_29)
FNDA:5,(anonymous_30)
FNDA:3,(anonymous_31)
FNDA:1,(anonymous_32)
FNDA:112,(anonymous_33)
FNDA:12,(anonymous_34)
FNDA:11,(anonymous_35)
FNDA:0,(anonymous_36)
FNDA:0,(anonymous_37)
FNDA:9,(anonymous_38)
FNDA:120,isArraylike
FNDA:1,(anonymous_40)
FNDA:64,(anonymous_41)
FNDA:0,(anonymous_42)
FNDA:0,(anonymous_43)
FNDA:0,(anonymous_44)
FNDA:15,(anonymous_45)
FNDA:0,(anonymous_46)
FNDA:25,Sizzle
FNDA:3,createCache
FNDA:2,cache
FNDA:11,markFunction
FNDA:10,assert
FNDA:0,addHandle
FNDA:0,siblingCheck
FNDA:5,createInputPseudo
FNDA:0,(anonymous_55)
FNDA:2,createButtonPseudo
FNDA:0,(anonymous_57)
FNDA:7,createPositionalPseudo
FNDA:0,(anonymous_59)
FNDA:0,(anonymous_60)
FNDA:0,testContext
FNDA:4,(anonymous_62)
FNDA:1,(anonymous_63)
FNDA:1,(anonymous_64)
FNDA:1,(anonymous_65)
FNDA:1,(anonymous_66)
FNDA:0,(anonymous_67)
FNDA:0,(anonymous_68)
FNDA:0,(anonymous_69)
FNDA:0,(anonymous_70)
FNDA:0,(anonymous_71)
FNDA:0,(anonymous_72)
FNDA:0,(anonymous_73)
FNDA:0,(anonymous_74)
FNDA:1,(anonymous_75)
FNDA:1,(anonymous_76)
FNDA:1,(anonymous_77)
FNDA:29,(anonymous_78)
FNDA:0,(anonymous_79)
FNDA:0,(anonymous_80)
FNDA:0,(anonymous_81)
FNDA:10,(anonymous_82)
FNDA:0,(anonymous_83)
FNDA:29,(anonymous_84)
FNDA:0,(anonymous_85)
FNDA:0,(anonymous_86)
FNDA:0,(anonymous_87)
FNDA:0,(anonymous_88)
FNDA:0,(anonymous_89)
FNDA:0,(anonymous_90)
FNDA:0,(anonymous_91)
FNDA:1,(anonymous_92)
FNDA:0,(anonymous_93)
FNDA:50,(anonymous_94)
FNDA:0,(anonymous_95)
FNDA:0,(anonymous_96)
FNDA:0,(anonymous_97)
FNDA:0,(anonymous_98)
FNDA:0,(anonymous_99)
FNDA:0,(anonymous_100)
FNDA:0,(anonymous_101)
FNDA:0,(anonymous_102)
FNDA:0,(anonymous_103)
FNDA:0,(anonymous_104)
FNDA:0,(anonymous_105)
FNDA:0,(anonymous_106)
FNDA:0,(anonymous_107)
FNDA:0,(anonymous_108)
FNDA:0,(anonymous_109)
FNDA:0,(anonymous_110)
FNDA:0,(anonymous_111)
FNDA:0,(anonymous_112)
FNDA:0,(anonymous_113)
FNDA:0,(anonymous_114)
FNDA:0,(anonymous_115)
FNDA:0,(anonymous_116)
FNDA:0,(anonymous_117)
FNDA:0,(anonymous_118)
FNDA:0,(anonymous_119)
FNDA:0,(anonymous_120)
FNDA:0,(anonymous_121)
FNDA:0,(anonymous_122)
FNDA:0,(anonymous_123)
FNDA:0,(anonymous_124)
FNDA:0,(anonymous_125)
FNDA:0,(anonymous_126)
FNDA:0,(anonymous_127)
FNDA:0,(anonymous_128)
FNDA:0,(anonymous_129)
FNDA:0,(anonymous_130)
FNDA:0,(anonymous_131)
FNDA:0,(anonymous_132)
FNDA:0,(anonymous_133)
FNDA:1,setFilters
FNDA:1,(anonymous_135)
FNDA:0,toSelector
FNDA:2,addCombinator
FNDA:0,(anonymous_138)
FNDA:0,(anonymous_139)
FNDA:1,elementMatcher
FNDA:50,(anonymous_141)
FNDA:0,multipleContexts
FNDA:0,condense
FNDA:0,setMatcher
FNDA:0,(anonymous_145)
FNDA:1,matcherFromTokens
FNDA:0,(anonymous_147)
FNDA:0,(anonymous_148)
FNDA:50,(anonymous_149)
FNDA:1,matcherFromGroupMatchers
FNDA:10,(anonymous_151)
FNDA:10,(anonymous_152)
FNDA:10,(anonymous_153)
FNDA:1,(anonymous_154)
FNDA:1,(anonymous_155)
FNDA:0,(anonymous_156)
FNDA:1,(anonymous_157)
FNDA:0,(anonymous_158)
FNDA:1,(anonymous_159)
FNDA:0,(anonymous_160)
FNDA:0,winnow
FNDA:0,(anonymous_162)
FNDA:0,(anonymous_163)
FNDA:0,(anonymous_164)
FNDA:10,(anonymous_165)
FNDA:50,(anonymous_166)
FNDA:15,(anonymous_167)
FNDA:0,(anonymous_168)
FNDA:0,(anonymous_169)
FNDA:0,(anonymous_170)
FNDA:0,(anonymous_171)
FNDA:98,(anonymous_172)
FNDA:0,(anonymous_173)
FNDA:10,(anonymous_174)
FNDA:0,(anonymous_175)
FNDA:0,(anonymous_176)
FNDA:0,(anonymous_177)
FNDA:0,(anonymous_178)
FNDA:0,(anonymous_179)
FNDA:0,(anonymous_180)
FNDA:0,sibling
FNDA:0,(anonymous_182)
FNDA:0,(anonymous_183)
FNDA:0,(anonymous_184)
FNDA:0,(anonymous_185)
FNDA:0,(anonymous_186)
FNDA:0,(anonymous_187)
FNDA:0,(anonymous_188)
FNDA:0,(anonymous_189)
FNDA:0,(anonymous_190)
FNDA:0,(anonymous_191)
FNDA:10,(anonymous_192)
FNDA:0,(anonymous_193)
FNDA:12,(anonymous_194)
FNDA:10,(anonymous_195)
FNDA:2,createOptions
FNDA:3,(anonymous_197)
FNDA:3,(anonymous_198)
FNDA:1,(anonymous_199)
FNDA:4,(anonymous_200)
FNDA:4,add
FNDA:8,(anonymous_202)
FNDA:0,(anonymous_203)
FNDA:0,(anonymous_204)
FNDA:0,(anonymous_205)
FNDA:0,(anonymous_206)
FNDA:2,(anonymous_207)
FNDA:0,(anonymous_208)
FNDA:1,(anonymous_209)
FNDA:0,(anonymous_210)
FNDA:1,(anonymous_211)
FNDA:0,(anonymous_212)
FNDA:0,(anonymous_213)
FNDA:1,(anonymous_214)
FNDA:0,(anonymous_215)
FNDA:0,(anonymous_216)
FNDA:0,(anonymous_217)
FNDA:0,(anonymous_218)
FNDA:0,(anonymous_219)
FNDA:0,(anonymous_220)
FNDA:4,(anonymous_221)
FNDA:3,(anonymous_222)
FNDA:1,(anonymous_223)
FNDA:0,(anonymous_224)
FNDA:0,(anonymous_225)
FNDA:0,(anonymous_226)
FNDA:0,(anonymous_227)
FNDA:2,(anonymous_228)
FNDA:0,(anonymous_229)
FNDA:1,(anonymous_230)
FNDA:1,completed
FNDA:3,(anonymous_232)
FNDA:14,(anonymous_233)
FNDA:0,(anonymous_234)
FNDA:150,(anonymous_235)
FNDA:2,Data
FNDA:0,(anonymous_237)
FNDA:150,(anonymous_238)
FNDA:5,(anonymous_239)
FNDA:103,(anonymous_240)
FNDA:4,(anonymous_241)
FNDA:42,(anonymous_242)
FNDA:49,(anonymous_243)
FNDA:0,(anonymous_244)
FNDA:0,dataAttr
FNDA:3,(anonymous_246)
FNDA:0,(anonymous_247)
FNDA:0,(anonymous_248)
FNDA:0,(anonymous_249)
FNDA:0,(anonymous_250)
FNDA:3,(anonymous_251)
FNDA:0,(anonymous_252)
FNDA:3,(anonymous_253)
FNDA:3,(anonymous_254)
FNDA:0,(anonymous_255)
FNDA:0,(anonymous_256)
FNDA:0,(anonymous_257)
FNDA:0,(anonymous_258)
FNDA:0,(anonymous_259)
FNDA:0,(anonymous_260)
FNDA:0,(anonymous_261)
FNDA:0,(anonymous_262)
FNDA:0,(anonymous_263)
FNDA:0,(anonymous_264)
FNDA:0,(anonymous_265)
FNDA:0,(anonymous_266)
FNDA:0,(anonymous_267)
FNDA:0,(anonymous_268)
FNDA:0,(anonymous_269)
FNDA:1,(anonymous_270)
FNDA:0,returnTrue
FNDA:5,returnFalse
FNDA:0,safeActiveElement
FNDA:51,(anonymous_274)
FNDA:1,(anonymous_275)
FNDA:43,(anonymous_276)
FNDA:1,(anonymous_277)
FNDA:1,(anonymous_278)
FNDA:1,(anonymous_279)
FNDA:0,(anonymous_280)
FNDA:0,(anonymous_281)
FNDA:1,(anonymous_282)
FNDA:0,(anonymous_283)
FNDA:0,(anonymous_284)
FNDA:0,(anonymous_285)
FNDA:0,(anonymous_286)
FNDA:0,(anonymous_287)
FNDA:0,(anonymous_288)
FNDA:21,(anonymous_289)
FNDA:2,(anonymous_290)
FNDA:0,(anonymous_291)
FNDA:0,(anonymous_292)
FNDA:0,(anonymous_293)
FNDA:4,(anonymous_294)
FNDA:0,(anonymous_295)
FNDA:2,(anonymous_296)
FNDA:0,(anonymous_297)
FNDA:2,(anonymous_298)
FNDA:0,(anonymous_299)
FNDA:51,(anonymous_300)
FNDA:0,(anonymous_301)
FNDA:51,(anonymous_302)
FNDA:0,(anonymous_303)
FNDA:22,(anonymous_304)
FNDA:22,(anonymous_305)
FNDA:0,(anonymous_306)
FNDA:0,(anonymous_307)
FNDA:1,(anonymous_308)
FNDA:1,manipulationTarget
FNDA:0,disableScript
FNDA:0,restoreScript
FNDA:0,setGlobalEval
FNDA:0,cloneCopyEvent
FNDA:30,getAll
FNDA:0,fixInput
FNDA:0,(anonymous_316)
FNDA:29,(anonymous_317)
FNDA:0,(anonymous_318)
FNDA:0,(anonymous_319)
FNDA:0,(anonymous_320)
FNDA:0,(anonymous_321)
FNDA:0,(anonymous_322)
FNDA:0,(anonymous_323)
FNDA:1,(anonymous_324)
FNDA:1,(anonymous_325)
FNDA:0,(anonymous_326)
FNDA:0,(anonymous_327)
FNDA:0,(anonymous_328)
FNDA:0,(anonymous_329)
FNDA:0,(anonymous_330)
FNDA:0,(anonymous_331)
FNDA:0,(anonymous_332)
FNDA:0,(anonymous_333)
FNDA:0,(anonymous_334)
FNDA:0,(anonymous_335)
FNDA:0,(anonymous_336)
FNDA:0,(anonymous_337)
FNDA:0,(anonymous_338)
FNDA:1,(anonymous_339)
FNDA:0,(anonymous_340)
FNDA:5,(anonymous_341)
FNDA:0,(anonymous_342)
FNDA:0,actualDisplay
FNDA:0,defaultDisplay
FNDA:0,(anonymous_345)
FNDA:0,curCSS
FNDA:3,addGetHookIf
FNDA:0,(anonymous_348)
FNDA:1,(anonymous_349)
FNDA:0,computePixelPositionAndBoxSizingReliable
FNDA:0,(anonymous_351)
FNDA:0,(anonymous_352)
FNDA:0,(anonymous_353)
FNDA:0,(anonymous_354)
FNDA:1,vendorPropName
FNDA:0,setPositiveNumber
FNDA:0,augmentWidthOrHeight
FNDA:0,getWidthOrHeight
FNDA:0,showHide
FNDA:0,(anonymous_360)
FNDA:16,(anonymous_361)
FNDA:0,(anonymous_362)
FNDA:2,(anonymous_363)
FNDA:0,(anonymous_364)
FNDA:0,(anonymous_365)
FNDA:0,(anonymous_366)
FNDA:0,(anonymous_367)
FNDA:3,(anonymous_368)
FNDA:0,(anonymous_369)
FNDA:4,(anonymous_370)
FNDA:16,(anonymous_371)
FNDA:0,(anonymous_372)
FNDA:0,(anonymous_373)
FNDA:0,(anonymous_374)
FNDA:0,(anonymous_375)
FNDA:0,Tween
FNDA:0,(anonymous_377)
FNDA:0,(anonymous_378)
FNDA:0,(anonymous_379)
FNDA:0,(anonymous_380)
FNDA:0,(anonymous_381)
FNDA:0,(anonymous_382)
FNDA:0,(anonymous_383)
FNDA:0,(anonymous_384)
FNDA:0,(anonymous_385)
FNDA:0,createFxNow
FNDA:0,(anonymous_387)
FNDA:3,genFx
FNDA:0,createTween
FNDA:0,defaultPrefilter
FNDA:0,(anonymous_391)
FNDA:0,(anonymous_392)
FNDA:0,(anonymous_393)
FNDA:0,(anonymous_394)
FNDA:0,(anonymous_395)
FNDA:0,(anonymous_396)
FNDA:0,propFilter
FNDA:0,Animation
FNDA:0,(anonymous_399)
FNDA:0,(anonymous_400)
FNDA:0,(anonymous_401)
FNDA:0,(anonymous_402)
FNDA:0,(anonymous_403)
FNDA:0,(anonymous_404)
FNDA:0,(anonymous_405)
FNDA:0,(anonymous_406)
FNDA:0,(anonymous_407)
FNDA:0,(anonymous_408)
FNDA:0,(anonymous_409)
FNDA:0,(anonymous_410)
FNDA:0,(anonymous_411)
FNDA:0,(anonymous_412)
FNDA:0,(anonymous_413)
FNDA:0,(anonymous_414)
FNDA:3,(anonymous_415)
FNDA:0,(anonymous_416)
FNDA:6,(anonymous_417)
FNDA:0,(anonymous_418)
FNDA:0,(anonymous_419)
FNDA:0,(anonymous_420)
FNDA:0,(anonymous_421)
FNDA:0,(anonymous_422)
FNDA:0,(anonymous_423)
FNDA:0,(anonymous_424)
FNDA:0,(anonymous_425)
FNDA:1,(anonymous_426)
FNDA:3,(anonymous_427)
FNDA:0,(anonymous_428)
FNDA:0,(anonymous_429)
FNDA:3,(anonymous_430)
FNDA:0,(anonymous_431)
FNDA:0,(anonymous_432)
FNDA:0,(anonymous_433)
FNDA:16,(anonymous_434)
FNDA:0,(anonymous_435)
FNDA:0,(anonymous_436)
FNDA:0,(anonymous_437)
FNDA:0,(anonymous_438)
FNDA:0,(anonymous_439)
FNDA:0,(anonymous_440)
FNDA:0,(anonymous_441)
FNDA:10,(anonymous_442)
FNDA:3,(anonymous_443)
FNDA:0,(anonymous_444)
FNDA:2,(anonymous_445)
FNDA:0,(anonymous_446)
FNDA:0,(anonymous_447)
FNDA:0,(anonymous_448)
FNDA:0,(anonymous_449)
FNDA:0,(anonymous_450)
FNDA:0,(anonymous_451)
FNDA:0,(anonymous_452)
FNDA:0,(anonymous_453)
FNDA:0,(anonymous_454)
FNDA:0,(anonymous_455)
FNDA:0,(anonymous_456)
FNDA:2,(anonymous_457)
FNDA:0,(anonymous_458)
FNDA:0,(anonymous_459)
FNDA:25,(anonymous_460)
FNDA:0,(anonymous_461)
FNDA:0,(anonymous_462)
FNDA:13,(anonymous_463)
FNDA:0,(anonymous_464)
FNDA:0,(anonymous_465)
FNDA:0,(anonymous_466)
FNDA:0,(anonymous_467)
FNDA:0,(anonymous_468)
FNDA:2,addToPrefiltersOrTransports
FNDA:4,(anonymous_470)
FNDA:0,inspectPrefiltersOrTransports
FNDA:0,inspect
FNDA:0,(anonymous_473)
FNDA:2,ajaxExtend
FNDA:0,ajaxHandleResponses
FNDA:0,ajaxConvert
FNDA:2,(anonymous_477)
FNDA:0,(anonymous_478)
FNDA:0,(anonymous_479)
FNDA:0,(anonymous_480)
FNDA:0,(anonymous_481)
FNDA:0,(anonymous_482)
FNDA:0,(anonymous_483)
FNDA:0,(anonymous_484)
FNDA:0,(anonymous_485)
FNDA:0,done
FNDA:0,(anonymous_487)
FNDA:0,(anonymous_488)
FNDA:2,(anonymous_489)
FNDA:0,(anonymous_490)
FNDA:0,(anonymous_491)
FNDA:0,(anonymous_492)
FNDA:0,(anonymous_493)
FNDA:0,(anonymous_494)
FNDA:0,(anonymous_495)
FNDA:0,(anonymous_496)
FNDA:0,(anonymous_497)
FNDA:0,(anonymous_498)
FNDA:0,(anonymous_499)
FNDA:0,(anonymous_500)
FNDA:0,(anonymous_501)
FNDA:0,(anonymous_502)
FNDA:0,(anonymous_503)
FNDA:0,buildParams
FNDA:0,(anonymous_505)
FNDA:0,(anonymous_506)
FNDA:0,(anonymous_507)
FNDA:0,(anonymous_508)
FNDA:0,(anonymous_509)
FNDA:0,(anonymous_510)
FNDA:0,(anonymous_511)
FNDA:0,(anonymous_512)
FNDA:0,(anonymous_513)
FNDA:0,(anonymous_514)
FNDA:1,(anonymous_515)
FNDA:0,(anonymous_516)
FNDA:0,(anonymous_517)
FNDA:0,(anonymous_518)
FNDA:0,(anonymous_519)
FNDA:0,(anonymous_520)
FNDA:0,(anonymous_521)
FNDA:0,(anonymous_522)
FNDA:0,(anonymous_523)
FNDA:0,(anonymous_524)
FNDA:0,(anonymous_525)
FNDA:0,(anonymous_526)
FNDA:0,(anonymous_527)
FNDA:0,(anonymous_528)
FNDA:0,(anonymous_529)
FNDA:0,(anonymous_530)
FNDA:0,(anonymous_531)
FNDA:0,(anonymous_532)
FNDA:28,(anonymous_533)
FNDA:0,(anonymous_534)
FNDA:0,(anonymous_535)
FNDA:0,(anonymous_536)
FNDA:6,(anonymous_537)
FNDA:0,(anonymous_538)
FNDA:0,(anonymous_539)
FNDA:0,(anonymous_540)
FNDA:0,getWindow
FNDA:0,(anonymous_542)
FNDA:0,(anonymous_543)
FNDA:0,(anonymous_544)
FNDA:0,(anonymous_545)
FNDA:0,(anonymous_546)
FNDA:0,(anonymous_547)
FNDA:2,(anonymous_548)
FNDA:0,(anonymous_549)
FNDA:0,(anonymous_550)
FNDA:2,(anonymous_551)
FNDA:0,(anonymous_552)
FNDA:2,(anonymous_553)
FNDA:6,(anonymous_554)
FNDA:0,(anonymous_555)
FNDA:0,(anonymous_556)
FNDA:0,(anonymous_557)
FNDA:0,(anonymous_558)
FNDA:0,(anonymous_559)
DA:15,1
DA:17,1
DA:25,0
DA:28,0
DA:29,0
DA:31,0
DA:34,1
DA:46,1
DA:48,1
DA:50,1
DA:52,1
DA:54,1
DA:56,1
DA:58,1
DA:60,1
DA:62,1
DA:66,1
DA:76,98
DA:89,0
DA:92,1
DA:105,0
DA:111,0
DA:125,27
DA:128,27
DA:129,27
DA:132,27
DA:139,79
DA:143,0
DA:144,0
DA:149,2
DA:153,0
DA:157,0
DA:161,0
DA:163,0
DA:167,0
DA:177,1
DA:178,90
DA:185,90
DA:186,5
DA:189,5
DA:190,5
DA:194,90
DA:195,0
DA:199,90
DA:200,28
DA:201,28
DA:204,90
DA:206,91
DA:208,39
DA:209,190
DA:210,190
DA:213,190
DA:214,0
DA:218,190
DA:219,3
DA:220,0
DA:221,0
DA:224,3
DA:228,3
DA:231,187
DA:232,187
DA:239,90
DA:242,1
DA:250,0
DA:256,25
DA:262,126
DA:270,0
DA:278,11
DA:279,5
DA:282,6
DA:284,0
DA:289,6
DA:293,92
DA:294,92
DA:295,44
DA:297,48
DA:301,207
DA:302,3
DA:305,204
DA:312,0
DA:315,0
DA:317,0
DA:321,0
DA:322,0
DA:323,0
DA:324,0
DA:328,0
DA:337,63
DA:341,31
DA:346,106
DA:351,106
DA:352,0
DA:353,0
DA:354,0
DA:356,0
DA:357,0
DA:361,0
DA:362,0
DA:364,0
DA:365,0
DA:372,106
DA:373,96
DA:374,167
DA:376,167
DA:377,0
DA:381,10
DA:382,42
DA:384,42
DA:385,0
DA:391,106
DA:396,5
DA:403,3
DA:405,3
DA:406,3
DA:407,0
DA:412,3
DA:416,3
DA:420,1
DA:424,112
DA:428,112
DA:429,157
DA:432,112
DA:434,112
DA:438,12
DA:446,12
DA:447,58
DA:448,58
DA:449,55
DA:453,12
DA:458,11
DA:465,11
DA:466,11
DA:467,10
DA:469,10
DA:470,10
DA:476,0
DA:477,0
DA:479,0
DA:480,0
DA:486,11
DA:495,0
DA:497,0
DA:498,0
DA:499,0
DA:500,0
DA:505,0
DA:506,0
DA:510,0
DA:511,0
DA:512,0
DA:516,0
DA:518,0
DA:529,1
DA:530,9
DA:533,1
DA:539,120
DA:542,120
DA:543,3
DA:546,117
DA:547,0
DA:550,117
DA:553,1
DA:566,1
DA:597,64
DA:598,4
DA:600,64
DA:616,0
DA:618,0
DA:619,0
DA:620,0
DA:623,0
DA:700,0
DA:704,0
DA:718,0
DA:722,1
DA:723,1
DA:729,0
DA:731,1
DA:735,15
DA:741,0
DA:744,0
DA:745,0
DA:750,1
DA:751,25
DA:755,25
DA:756,0
DA:759,25
DA:760,25
DA:761,25
DA:763,25
DA:766,0
DA:769,25
DA:772,15
DA:774,12
DA:775,0
DA:776,0
DA:779,0
DA:782,0
DA:783,0
DA:784,0
DA:787,0
DA:791,0
DA:793,0
DA:794,0
DA:799,12
DA:800,12
DA:801,12
DA:804,0
DA:805,0
DA:806,0
DA:811,3
DA:812,3
DA:813,3
DA:814,3
DA:820,3
DA:821,0
DA:823,0
DA:824,0
DA:826,0
DA:828,0
DA:830,0
DA:831,0
DA:832,0
DA:834,0
DA:835,0
DA:838,3
DA:839,3
DA:840,3
DA:843,3
DA:846,3
DA:847,0
DA:855,10
DA:864,1
DA:865,3
DA:867,1
DA:869,2
DA:871,0
DA:873,2
DA:875,3
DA:882,1
DA:883,11
DA:884,11
DA:891,1
DA:892,10
DA:894,10
DA:895,10
DA:897,2
DA:900,10
DA:901,2
DA:904,10
DA:913,1
DA:914,0
DA:917,0
DA:918,0
DA:928,1
DA:929,0
DA:935,0
DA:936,0
DA:940,0
DA:941,0
DA:942,0
DA:943,0
DA:948,0
DA:955,1
DA:956,5
DA:957,0
DA:958,0
DA:966,1
DA:967,2
DA:968,0
DA:969,0
DA:977,1
DA:978,7
DA:979,0
DA:980,0
DA:981,0
DA:986,0
DA:987,0
DA:988,0
DA:1000,1
DA:1001,0
DA:1005,1
DA:1012,1
DA:1015,4
DA:1016,4
DA:1024,1
DA:1025,1
DA:1029,1
DA:1030,0
DA:1034,1
DA:1035,1
DA:1036,1
DA:1042,1
DA:1044,1
DA:1045,1
DA:1046,0
DA:1047,0
DA:1053,1
DA:1061,1
DA:1062,1
DA:1063,1
DA:1070,1
DA:1071,1
DA:1072,1
DA:1076,1
DA:1082,1
DA:1083,1
DA:1084,1
DA:1088,1
DA:1089,1
DA:1090,0
DA:1091,0
DA:1094,0
DA:1097,1
DA:1098,0
DA:1099,0
DA:1100,0
DA:1106,0
DA:1108,0
DA:1109,0
DA:1110,0
DA:1111,0
DA:1112,0
DA:1118,1
DA:1120,0
DA:1121,0
DA:1124,0
DA:1125,0
DA:1130,0
DA:1137,0
DA:1138,0
DA:1139,0
DA:1140,0
DA:1144,0
DA:1146,0
DA:1150,1
DA:1151,0
DA:1152,0
DA:1162,1
DA:1169,1
DA:1171,1
DA:1174,1
DA:1180,1
DA:1188,1
DA:1189,0
DA:1194,1
DA:1195,0
DA:1199,1
DA:1200,1
DA:1206,1
DA:1207,1
DA:1213,1
DA:1214,0
DA:1218,1
DA:1221,1
DA:1222,1
DA:1223,1
DA:1227,1
DA:1228,0
DA:1233,1
DA:1234,0
DA:1238,1
DA:1239,0
DA:1243,1
DA:1249,1
DA:1252,1
DA:1256,1
DA:1257,0
DA:1261,1
DA:1262,1
DA:1266,1
DA:1271,1
DA:1273,29
DA:1275,29
DA:1282,0
DA:1283,0
DA:1284,0
DA:1285,0
DA:1289,0
DA:1296,1
DA:1300,0
DA:1301,0
DA:1302,0
DA:1306,0
DA:1307,0
DA:1308,0
DA:1312,0
DA:1319,0
DA:1323,0
DA:1324,0
DA:1326,0
DA:1327,0
DA:1331,0
DA:1336,0
DA:1340,0
DA:1341,0
DA:1342,0
DA:1345,0
DA:1353,0
DA:1354,0
DA:1363,0
DA:1364,0
DA:1368,0
DA:1369,0
DA:1370,0
DA:1372,0
DA:1373,0
DA:1374,0
DA:1378,0
DA:1379,0
DA:1382,0
DA:1392,1
DA:1395,1
DA:1396,10
DA:1399,1
DA:1401,0
DA:1402,0
DA:1406,0
DA:1408,0
DA:1412,0
DA:1413,0
DA:1416,0
DA:1420,0
DA:1425,0
DA:1428,1
DA:1430,29
DA:1431,0
DA:1433,29
DA:1436,1
DA:1438,0
DA:1439,0
DA:1442,0
DA:1448,0
DA:1457,1
DA:1458,0
DA:1465,1
DA:1466,0
DA:1472,0
DA:1473,0
DA:1474,0
DA:1476,0
DA:1477,0
DA:1478,0
DA:1479,0
DA:1482,0
DA:1483,0
DA:1489,0
DA:1491,0
DA:1498,1
DA:1499,0
DA:1504,0
DA:1506,0
DA:1508,0
DA:1510,0
DA:1513,0
DA:1514,0
DA:1517,0
DA:1518,0
DA:1521,0
DA:1522,0
DA:1526,0
DA:1529,1
DA:1551,0
DA:1554,0
DA:1556,0
DA:1557,0
DA:1560,0
DA:1574,0
DA:1576,0
DA:1578,0
DA:1579,0
DA:1584,0
DA:1585,0
DA:1588,0
DA:1589,0
DA:1592,0
DA:1596,0
DA:1599,0
DA:1600,0
DA:1604,0
DA:1605,0
DA:1608,0
DA:1615,0
DA:1616,0
DA:1620,0
DA:1627,1
DA:1628,1
DA:1629,0
DA:1631,50
DA:1636,0
DA:1638,0
DA:1641,0
DA:1646,0
DA:1647,0
DA:1649,0
DA:1650,0
DA:1652,0
DA:1653,0
DA:1656,0
DA:1658,0
DA:1670,0
DA:1674,0
DA:1678,0
DA:1682,0
DA:1688,0
DA:1691,0
DA:1692,0
DA:1693,0
DA:1694,0
DA:1695,0
DA:1696,0
DA:1700,0
DA:1702,0
DA:1705,0
DA:1708,0
DA:1710,0
DA:1711,0
DA:1712,0
DA:1713,0
DA:1714,0
DA:1716,0
DA:1722,0
DA:1723,0
DA:1724,0
DA:1729,0
DA:1730,0
DA:1735,0
DA:1738,0
DA:1740,0
DA:1741,0
DA:1744,0
DA:1745,0
DA:1752,0
DA:1753,0
DA:1763,0
DA:1770,0
DA:1771,0
DA:1775,0
DA:1776,0
DA:1777,0
DA:1779,0
DA:1782,0
DA:1783,0
DA:1784,0
DA:1788,0
DA:1792,0
DA:1802,0
DA:1806,0
DA:1808,0
DA:1813,0
DA:1814,0
DA:1815,0
DA:1820,0
DA:1821,0
DA:1823,0
DA:1824,0
DA:1829,0
DA:1830,0
DA:1835,0
DA:1836,0
DA:1837,0
DA:1850,0
DA:1851,0
DA:1853,0
DA:1854,0
DA:1855,0
DA:1856,0
DA:1857,0
DA:1861,0
DA:1862,0
DA:1865,0
DA:1871,0
DA:1872,0
DA:1876,0
DA:1880,0
DA:1885,0
DA:1889,0
DA:1895,0
DA:1896,0
DA:1902,0
DA:1903,0
DA:1906,0
DA:1915,0
DA:1916,0
DA:1917,0
DA:1920,0
DA:1924,0
DA:1929,0
DA:1933,0
DA:1937,0
DA:1938,0
DA:1942,0
DA:1943,0
DA:1953,0
DA:1957,0
DA:1961,0
DA:1965,0
DA:1966,0
DA:1967,0
DA:1969,0
DA:1973,0
DA:1974,0
DA:1975,0
DA:1977,0
DA:1981,0
DA:1982,0
DA:1983,0
DA:1985,0
DA:1989,0
DA:1990,0
DA:1991,0
DA:1993,0
DA:1998,1
DA:2001,1
DA:2002,5
DA:2004,1
DA:2005,2
DA:2009,1
DA:2010,1
DA:2011,1
DA:2013,1
DA:2014,1
DA:2018,1
DA:2019,0
DA:2022,1
DA:2023,1
DA:2024,1
DA:2026,1
DA:2029,1
DA:2030,1
DA:2032,0
DA:2034,1
DA:2037,1
DA:2040,1
DA:2041,0
DA:2042,0
DA:2047,0
DA:2051,1
DA:2052,6
DA:2054,1
DA:2055,1
DA:2060,1
DA:2064,1
DA:2065,0
DA:2072,1
DA:2080,1
DA:2081,0
DA:2084,0
DA:2085,0
DA:2087,0
DA:2090,1
DA:2091,2
DA:2095,2
DA:2098,0
DA:2099,0
DA:2100,0
DA:2107,0
DA:2111,0
DA:2112,0
DA:2113,0
DA:2114,0
DA:2115,0
DA:2120,0
DA:2121,0
DA:2122,0
DA:2123,0
DA:2127,0
DA:2130,0
DA:2133,0
DA:2134,0
DA:2143,1
DA:2144,1
DA:2146,50
DA:2147,50
DA:2148,100
DA:2149,0
DA:2152,50
DA:2157,1
DA:2158,0
DA:2160,0
DA:2161,0
DA:2163,0
DA:2166,1
DA:2167,0
DA:2173,0
DA:2174,0
DA:2175,0
DA:2176,0
DA:2177,0
DA:2178,0
DA:2184,0
DA:2187,1
DA:2188,0
DA:2189,0
DA:2191,0
DA:2192,0
DA:2194,0
DA:2195,0
DA:2220,0
DA:2221,0
DA:2225,0
DA:2226,0
DA:2227,0
DA:2230,0
DA:2231,0
DA:2232,0
DA:2233,0
DA:2238,0
DA:2239,0
DA:2240,0
DA:2242,0
DA:2243,0
DA:2244,0
DA:2245,0
DA:2247,0
DA:2250,0
DA:2254,0
DA:2255,0
DA:2256,0
DA:2259,0
DA:2266,0
DA:2271,0
DA:2272,0
DA:2274,0
DA:2280,1
DA:2281,1
DA:2289,0
DA:2292,0
DA:2295,50
DA:2300,50
DA:2301,50
DA:2304,1
DA:2305,1
DA:2306,0
DA:2308,1
DA:2311,1
DA:2313,0
DA:2314,0
DA:2315,0
DA:2316,0
DA:2319,0
DA:2331,1
DA:2335,1
DA:2338,1
DA:2339,1
DA:2342,10
DA:2354,10
DA:2355,10
DA:2362,10
DA:2363,50
DA:2364,50
DA:2365,50
DA:2366,50
DA:2367,50
DA:2368,50
DA:2371,50
DA:2372,50
DA:2377,50
DA:2379,0
DA:2380,0
DA:2384,0
DA:2385,0
DA:2391,10
DA:2392,10
DA:2393,0
DA:2394,0
DA:2395,0
DA:2398,0
DA:2400,0
DA:2401,0
DA:2402,0
DA:2403,0
DA:2409,0
DA:2413,0
DA:2416,0
DA:2419,0
DA:2424,10
DA:2425,10
DA:2426,10
DA:2429,10
DA:2432,1
DA:2437,1
DA:2438,10
DA:2443,10
DA:2445,1
DA:2446,1
DA:2448,1
DA:2449,1
DA:2450,1
DA:2451,1
DA:2452,0
DA:2454,1
DA:2459,1
DA:2462,1
DA:2464,10
DA:2476,1
DA:2477,10
DA:2481,10
DA:2484,10
DA:2487,0
DA:2488,0
DA:2492,0
DA:2493,0
DA:2494,0
DA:2497,0
DA:2498,0
DA:2501,0
DA:2505,0
DA:2506,0
DA:2507,0
DA:2510,0
DA:2511,0
DA:2513,0
DA:2515,0
DA:2521,0
DA:2522,0
DA:2523,0
DA:2524,0
DA:2525,0
DA:2528,0
DA:2536,10
DA:2543,10
DA:2549,1
DA:2553,1
DA:2556,1
DA:2560,1
DA:2562,1
DA:2568,1
DA:2569,1
DA:2570,1
DA:2572,0
DA:2573,0
DA:2574,0
DA:2581,1
DA:2582,1
DA:2583,1
DA:2584,1
DA:2586,0
DA:2587,0
DA:2588,0
DA:2595,1
DA:2596,1
DA:2598,0
DA:2599,0
DA:2600,0
DA:2601,0
DA:2609,1
DA:2615,1
DA:2616,1
DA:2617,1
DA:2618,1
DA:2619,1
DA:2620,1
DA:2621,1
DA:2625,1
DA:2627,1
DA:2631,1
DA:2634,1
DA:2635,0
DA:2636,0
DA:2638,0
DA:2643,0
DA:2644,0
DA:2645,0
DA:2650,0
DA:2651,0
DA:2652,0
DA:2655,0
DA:2658,0
DA:2659,0
DA:2663,1
DA:2664,10
DA:2666,10
DA:2667,0
DA:2670,10
DA:2673,50
DA:2677,1
DA:2679,15
DA:2684,15
DA:2685,0
DA:2686,0
DA:2687,0
DA:2688,0
DA:2694,15
DA:2695,15
DA:2699,15
DA:2700,15
DA:2701,15
DA:2704,0
DA:2707,0
DA:2710,0
DA:2728,1
DA:2736,98
DA:2739,98
DA:2740,27
DA:2744,71
DA:2745,31
DA:2747,28
DA:2750,3
DA:2754,31
DA:2757,28
DA:2758,28
DA:2762,28
DA:2769,28
DA:2770,0
DA:2772,0
DA:2773,0
DA:2777,0
DA:2782,28
DA:2786,0
DA:2790,0
DA:2792,0
DA:2793,0
DA:2796,0
DA:2797,0
DA:2798,0
DA:2802,3
DA:2803,3
DA:2808,0
DA:2812,40
DA:2813,36
DA:2814,36
DA:2815,36
DA:2819,4
DA:2820,1
DA:2826,3
DA:2827,0
DA:2828,0
DA:2831,3
DA:2835,1
DA:2838,1
DA:2841,1
DA:2850,1
DA:2852,0
DA:2855,0
DA:2856,0
DA:2857,0
DA:2858,0
DA:2860,0
DA:2863,0
DA:2867,10
DA:2869,10
DA:2870,50
DA:2871,50
DA:2875,10
DA:2879,1
DA:2881,0
DA:2884,0
DA:2885,0
DA:2886,0
DA:2887,0
DA:2888,0
DA:2895,0
DA:2903,0
DA:2904,0
DA:2906,0
DA:2913,0
DA:2914,0
DA:2919,0
DA:2926,0
DA:2927,0
DA:2931,0
DA:2932,0
DA:2936,0
DA:2944,0
DA:2952,0
DA:2958,1
DA:2959,0
DA:2960,0
DA:2963,1
DA:2965,0
DA:2966,0
DA:2969,0
DA:2972,0
DA:2975,0
DA:2978,0
DA:2981,0
DA:2984,0
DA:2987,0
DA:2990,0
DA:2993,0
DA:2996,10
DA:2999,0
DA:3002,12
DA:3003,10
DA:3005,10
DA:3006,10
DA:3009,10
DA:3010,10
DA:3013,10
DA:3015,0
DA:3016,0
DA:3020,0
DA:3021,0
DA:3025,10
DA:3028,1
DA:3033,1
DA:3036,1
DA:3037,2
DA:3038,2
DA:3039,3
DA:3041,2
DA:3066,1
DA:3070,3
DA:3074,3
DA:3092,1
DA:3093,1
DA:3094,1
DA:3095,1
DA:3096,1
DA:3097,1
DA:3098,1
DA:3099,5
DA:3100,0
DA:3101,0
DA:3104,1
DA:3105,1
DA:3106,1
DA:3107,0
DA:3108,0
DA:3110,1
DA:3111,1
DA:3113,0
DA:3121,4
DA:3123,4
DA:3124,4
DA:3125,4
DA:3126,8
DA:3127,8
DA:3128,8
DA:3129,8
DA:3131,0
DA:3133,0
DA:3139,4
DA:3140,0
DA:3143,4
DA:3144,0
DA:3145,0
DA:3148,4
DA:3152,0
DA:3153,0
DA:3154,0
DA:3155,0
DA:3156,0
DA:3158,0
DA:3159,0
DA:3160,0
DA:3162,0
DA:3163,0
DA:3169,0
DA:3174,0
DA:3178,0
DA:3179,0
DA:3180,0
DA:3184,2
DA:3185,2
DA:3189,0
DA:3193,1
DA:3194,1
DA:3195,1
DA:3197,1
DA:3201,0
DA:3205,1
DA:3206,1
DA:3207,1
DA:3208,1
DA:3209,0
DA:3211,1
DA:3214,1
DA:3218,0
DA:3219,0
DA:3223,0
DA:3227,3
DA:3231,1
DA:3234,1
DA:3243,0
DA:3246,0
DA:3247,0
DA:3250,0
DA:3251,0
DA:3252,0
DA:3253,0
DA:3255,0
DA:3256,0
DA:3257,0
DA:3258,0
DA:3263,0
DA:3267,0
DA:3273,4
DA:3279,1
DA:3282,1
DA:3283,3
DA:3287,3
DA:3290,3
DA:3291,2
DA:3293,1
DA:3300,3
DA:3301,0
DA:3302,0
DA:3304,3
DA:3308,1
DA:3311,1
DA:3312,0
DA:3316,1
DA:3321,0
DA:3333,0
DA:3334,0
DA:3335,0
DA:3336,0
DA:3337,0
DA:3338,0
DA:3339,0
DA:3347,0
DA:3348,0
DA:3349,0
DA:3350,0
DA:3351,0
DA:3352,0
DA:3353,0
DA:3358,0
DA:3364,0
DA:3365,0
DA:3368,0
DA:3374,1
DA:3376,1
DA:3378,2
DA:3380,2
DA:3383,1
DA:3393,0
DA:3394,0
DA:3396,0
DA:3404,1
DA:3405,0
DA:3409,1
DA:3412,1
DA:3413,0
DA:3417,1
DA:3420,1
DA:3421,1
DA:3422,1
DA:3430,1
DA:3431,1
DA:3432,1
DA:3433,1
DA:3436,1
DA:3437,3
DA:3439,1
DA:3444,1
DA:3446,0
DA:3451,1
DA:3454,1
DA:3457,3
DA:3461,1
DA:3468,1
DA:3469,14
DA:3474,14
DA:3475,4
DA:3476,4
DA:3477,4
DA:3481,10
DA:3482,10
DA:3484,10
DA:3485,10
DA:3488,10
DA:3490,3
DA:3491,3
DA:3492,3
DA:3496,0
DA:3497,0
DA:3498,0
DA:3503,10
DA:3504,7
DA:3505,19
DA:3510,14
DA:3523,1
DA:3531,150
DA:3535,1
DA:3539,2
DA:3541,0
DA:3545,2
DA:3548,1
DA:3549,1
DA:3551,1
DA:3556,150
DA:3557,0
DA:3560,150
DA:3565,150
DA:3566,26
DA:3569,26
DA:3570,26
DA:3571,26
DA:3576,0
DA:3577,0
DA:3582,150
DA:3583,26
DA:3586,150
DA:3589,5
DA:3597,5
DA:3598,5
DA:3603,0
DA:3604,0
DA:3607,0
DA:3608,0
DA:3612,5
DA:3619,103
DA:3621,103
DA:3625,4
DA:3637,4
DA:3640,2
DA:3642,2
DA:3652,2
DA:3656,2
DA:3659,42
DA:3663,42
DA:3664,0
DA:3668,42
DA:3675,0
DA:3677,42
DA:3679,42
DA:3680,21
DA:3684,21
DA:3685,21
DA:3690,42
DA:3691,42
DA:3692,63
DA:3697,49
DA:3702,0
DA:3703,0
DA:3707,1
DA:3709,1
DA:3723,1
DA:3726,1
DA:3727,0
DA:3731,0
DA:3732,0
DA:3733,0
DA:3735,0
DA:3736,0
DA:3737,0
DA:3747,0
DA:3749,0
DA:3752,0
DA:3755,1
DA:3757,3
DA:3761,0
DA:3765,0
DA:3771,0
DA:3775,0
DA:3779,1
DA:3781,3
DA:3786,3
DA:3787,0
DA:3788,0
DA:3790,0
DA:3791,0
DA:3792,0
DA:3796,0
DA:3797,0
DA:3798,0
DA:3799,0
DA:3800,0
DA:3804,0
DA:3808,0
DA:3812,3
DA:3813,0
DA:3814,0
DA:3818,3
DA:3819,3
DA:3827,3
DA:3830,0
DA:3831,0
DA:3832,0
DA:3837,0
DA:3838,0
DA:3839,0
DA:3844,0
DA:3845,0
DA:3846,0
DA:3850,0
DA:3854,3
DA:3857,3
DA:3862,3
DA:3867,3
DA:3868,0
DA:3875,0
DA:3876,0
DA:3882,1
DA:3884,0
DA:3886,0
DA:3887,0
DA:3888,0
DA:3891,0
DA:3892,0
DA:3893,0
DA:3895,0
DA:3898,0
DA:3903,0
DA:3905,0
DA:3910,0
DA:3914,0
DA:3915,0
DA:3916,0
DA:3919,0
DA:3923,0
DA:3924,0
DA:3928,0
DA:3929,0
DA:3932,0
DA:3933,0
DA:3939,0
DA:3940,0
DA:3942,0
DA:3948,1
DA:3950,0
DA:3952,0
DA:3953,0
DA:3954,0
DA:3955,0
DA:3958,0
DA:3959,0
DA:3962,0
DA:3965,0
DA:3968,0
DA:3970,0
DA:3971,0
DA:3976,0
DA:3977,0
DA:3981,0
DA:3986,0
DA:3992,0
DA:3993,0
DA:3997,0
DA:3998,0
DA:3999,0
DA:4001,0
DA:4003,0
DA:4004,0
DA:4005,0
DA:4006,0
DA:4007,0
DA:4010,0
DA:4011,0
DA:4014,1
DA:4016,1
DA:4018,1
DA:4021,0
DA:4022,0
DA:4025,1
DA:4029,1
DA:4030,1
DA:4038,1
DA:4039,1
DA:4040,1
DA:4042,1
DA:4046,1
DA:4050,1
DA:4051,1
DA:4053,1
DA:4057,1
DA:4060,1
DA:4066,1
DA:4067,0
DA:4070,1
DA:4071,5
DA:4074,1
DA:4075,0
DA:4076,0
DA:4084,1
DA:4090,51
DA:4096,51
DA:4097,0
DA:4101,51
DA:4102,0
DA:4103,0
DA:4104,0
DA:4108,51
DA:4109,48
DA:4113,51
DA:4114,23
DA:4116,51
DA:4117,23
DA:4120,1
DA:4126,51
DA:4127,51
DA:4128,51
DA:4129,52
DA:4130,52
DA:4131,52
DA:4134,52
DA:4135,0
DA:4139,52
DA:4142,52
DA:4145,52
DA:4148,52
DA:4160,52
DA:4161,26
DA:4162,26
DA:4165,26
DA:4166,24
DA:4167,24
DA:4172,52
DA:4173,0
DA:4175,0
DA:4176,0
DA:4181,52
DA:4182,14
DA:4184,38
DA:4188,52
DA:4196,43
DA:4201,43
DA:4202,0
DA:4206,43
DA:4207,43
DA:4208,43
DA:4209,43
DA:4210,43
DA:4211,43
DA:4214,43
DA:4215,21
DA:4216,21
DA:4218,21
DA:4221,22
DA:4222,22
DA:4223,22
DA:4224,22
DA:4227,22
DA:4228,22
DA:4229,21
DA:4231,21
DA:4235,21
DA:4237,21
DA:4238,0
DA:4240,21
DA:4241,0
DA:4248,22
DA:4249,21
DA:4250,21
DA:4253,21
DA:4258,43
DA:4259,42
DA:4260,42
DA:4266,1
DA:4271,1
DA:4274,1
DA:4275,0
DA:4279,1
DA:4280,0
DA:4283,1
DA:4285,0
DA:4286,0
DA:4287,0
DA:4289,1
DA:4292,1
DA:4297,1
DA:4298,1
DA:4299,1
DA:4304,1
DA:4305,1
DA:4306,1
DA:4310,1
DA:4315,1
DA:4316,1
DA:4317,0
DA:4322,1
DA:4324,0
DA:4325,0
DA:4326,0
DA:4328,0
DA:4329,0
DA:4330,0
DA:4334,0
DA:4335,0
DA:4340,1
DA:4341,1
DA:4343,1
DA:4348,1
DA:4349,1
DA:4350,0
DA:4354,1
DA:4355,1
DA:4356,0
DA:4357,0
DA:4358,0
DA:4362,1
DA:4365,1
DA:4367,0
DA:4372,0
DA:4375,0
DA:4377,0
DA:4378,0
DA:4382,0
DA:4383,0
DA:4384,0
DA:4386,0
DA:4387,0
DA:4393,1
DA:4399,1
DA:4401,1
DA:4408,1
DA:4409,1
DA:4412,1
DA:4413,0
DA:4417,1
DA:4420,1
DA:4421,1
DA:4422,1
DA:4424,1
DA:4425,1
DA:4429,3
DA:4431,3
DA:4432,3
DA:4434,3
DA:4437,3
DA:4438,0
DA:4439,0
DA:4440,0
DA:4448,1
DA:4449,0
DA:4452,1
DA:4456,1
DA:4464,1
DA:4466,0
DA:4469,0
DA:4470,0
DA:4471,0
DA:4472,0
DA:4475,0
DA:4477,0
DA:4478,0
DA:4482,0
DA:4483,0
DA:4486,0
DA:4487,0
DA:4494,1
DA:4495,1
DA:4498,1
DA:4511,0
DA:4512,0
DA:4515,0
DA:4522,0
DA:4526,0
DA:4527,0
DA:4528,0
DA:4529,0
DA:4531,0
DA:4532,0
DA:4537,0
DA:4538,0
DA:4541,0
DA:4546,1
DA:4547,0
DA:4551,1
DA:4556,1
DA:4557,1
DA:4562,1
DA:4564,1
DA:4566,1
DA:4567,1
DA:4568,13
DA:4569,13
DA:4574,1
DA:4575,0
DA:4580,1
DA:4581,0
DA:4584,1
DA:4595,0
DA:4596,0
DA:4597,0
DA:4604,0
DA:4605,0
DA:4606,0
DA:4614,0
DA:4615,0
DA:4616,0
DA:4622,0
DA:4631,0
DA:4632,0
DA:4642,0
DA:4651,0
DA:4652,0
DA:4654,0
DA:4656,0
DA:4657,0
DA:4662,1
DA:4663,21
DA:4664,21
DA:4668,1
DA:4670,2
DA:4671,0
DA:4675,2
DA:4676,1
DA:4677,1
DA:4681,1
DA:4690,1
DA:4694,2
DA:4695,0
DA:4699,2
DA:4702,2
DA:4707,1
DA:4713,0
DA:4715,0
DA:4717,0
DA:4718,0
DA:4722,0
DA:4724,0
DA:4726,0
DA:4727,0
DA:4731,0
DA:4733,0
DA:4735,0
DA:4736,0
DA:4739,0
DA:4745,1
DA:4751,4
DA:4756,0
DA:4763,0
DA:4764,0
DA:4765,0
DA:4766,0
DA:4768,0
DA:4775,1
DA:4776,1
DA:4779,2
DA:4780,0
DA:4783,2
DA:4785,2
DA:4788,2
DA:4789,2
DA:4791,2
DA:4794,0
DA:4797,0
DA:4798,0
DA:4799,0
DA:4802,0
DA:4809,1
DA:4812,51
DA:4815,51
DA:4817,0
DA:4819,0
DA:4820,0
DA:4822,0
DA:4823,0
DA:4825,0
DA:4828,51
DA:4830,25
DA:4831,25
DA:4832,26
DA:4833,26
DA:4835,13
DA:4836,13
DA:4839,13
DA:4840,13
DA:4841,13
DA:4844,51
DA:4845,0
DA:4846,51
DA:4847,0
DA:4850,51
DA:4851,0
DA:4852,0
DA:4854,0
DA:4855,0
DA:4858,0
DA:4860,51
DA:4861,51
DA:4865,0
DA:4868,22
DA:4869,22
DA:4871,0
DA:4872,0
DA:4877,0
DA:4879,22
DA:4881,0
DA:4882,0
DA:4884,0
DA:4886,22
DA:4888,0
DA:4889,0
DA:4891,22
DA:4892,0
DA:4894,22
DA:4895,22
DA:4900,0
DA:4901,0
DA:4905,1
DA:4906,1
DA:4907,1
DA:4913,1
DA:4939,1
DA:4941,1
DA:4942,1
DA:4946,1
DA:4947,1
DA:4956,1
DA:4957,0
DA:4958,0
DA:4960,1
DA:4961,0
DA:4963,0
DA:4964,0
DA:4966,0
DA:4969,0
DA:4973,1
DA:4974,0
DA:4977,0
DA:4978,0
DA:4984,1
DA:4985,0
DA:4987,0
DA:4988,0
DA:4992,0
DA:4993,0
DA:4994,0
DA:4995,0
DA:4997,0
DA:4998,0
DA:4999,0
DA:5001,0
DA:5002,0
DA:5003,0
DA:5010,0
DA:5011,0
DA:5012,0
DA:5014,0
DA:5018,1
DA:5019,30
DA:5023,30
DA:5029,1
DA:5030,0
DA:5033,0
DA:5034,0
DA:5037,0
DA:5038,0
DA:5042,1
DA:5044,0
DA:5049,0
DA:5053,0
DA:5054,0
DA:5056,0
DA:5057,0
DA:5062,0
DA:5063,0
DA:5064,0
DA:5065,0
DA:5067,0
DA:5068,0
DA:5071,0
DA:5076,0
DA:5077,0
DA:5078,0
DA:5082,0
DA:5086,29
DA:5092,29
DA:5093,29
DA:5095,29
DA:5098,29
DA:5101,0
DA:5104,29
DA:5105,0
DA:5109,29
DA:5112,29
DA:5113,29
DA:5114,29
DA:5117,29
DA:5118,29
DA:5119,0
DA:5124,29
DA:5127,29
DA:5130,29
DA:5136,29
DA:5138,29
DA:5139,29
DA:5143,29
DA:5144,0
DA:5147,29
DA:5150,29
DA:5153,29
DA:5154,0
DA:5158,29
DA:5159,0
DA:5160,0
DA:5161,0
DA:5162,0
DA:5168,29
DA:5172,0
DA:5176,0
DA:5177,0
DA:5178,0
DA:5180,0
DA:5181,0
DA:5182,0
DA:5183,0
DA:5184,0
DA:5188,0
DA:5192,0
DA:5194,0
DA:5199,0
DA:5204,1
DA:5206,0
DA:5207,0
DA:5210,0
DA:5211,0
DA:5218,0
DA:5219,0
DA:5220,0
DA:5221,0
DA:5227,1
DA:5228,1
DA:5229,1
DA:5230,1
DA:5236,0
DA:5237,0
DA:5238,0
DA:5244,0
DA:5245,0
DA:5246,0
DA:5252,0
DA:5256,0
DA:5257,0
DA:5258,0
DA:5261,0
DA:5262,0
DA:5263,0
DA:5265,0
DA:5269,0
DA:5273,0
DA:5276,0
DA:5277,0
DA:5280,0
DA:5283,0
DA:5287,0
DA:5291,0
DA:5292,0
DA:5294,0
DA:5295,0
DA:5300,0
DA:5301,0
DA:5305,0
DA:5306,0
DA:5310,0
DA:5313,0
DA:5315,0
DA:5316,0
DA:5317,0
DA:5320,0
DA:5321,0
DA:5322,0
DA:5326,0
DA:5332,0
DA:5333,0
DA:5339,0
DA:5342,0
DA:5343,0
DA:5345,0
DA:5347,0
DA:5348,0
DA:5353,0
DA:5357,0
DA:5363,1
DA:5365,1
DA:5374,1
DA:5377,0
DA:5378,0
DA:5379,0
DA:5380,0
DA:5382,0
DA:5386,1
DA:5387,1
DA:5388,1
DA:5390,1
DA:5391,1
DA:5394,1
DA:5395,1
DA:5396,1
DA:5400,1
DA:5401,1
DA:5403,1
DA:5404,0
DA:5407,0
DA:5410,0
DA:5414,1
DA:5417,1
DA:5418,0
DA:5421,0
DA:5424,0
DA:5425,0
DA:5426,0
DA:5429,0
DA:5431,0
DA:5432,0
DA:5435,0
DA:5443,1
DA:5447,1
DA:5454,5
DA:5455,0
DA:5461,0
DA:5462,0
DA:5463,0
DA:5467,0
DA:5470,0
DA:5475,1
DA:5484,1
DA:5485,0
DA:5497,0
DA:5499,0
DA:5506,1
DA:5507,0
DA:5510,0
DA:5511,0
DA:5514,0
DA:5517,0
DA:5520,0
DA:5523,0
DA:5524,0
DA:5526,0
DA:5527,0
DA:5531,0
DA:5534,0
DA:5536,1
DA:5538,1
DA:5540,1
DA:5544,0
DA:5545,0
DA:5548,0
DA:5553,1
DA:5554,0
DA:5557,0
DA:5561,0
DA:5562,0
DA:5565,0
DA:5567,0
DA:5568,0
DA:5575,0
DA:5578,0
DA:5579,0
DA:5580,0
DA:5583,0
DA:5584,0
DA:5587,0
DA:5588,0
DA:5589,0
DA:5593,0
DA:5601,1
DA:5603,3
DA:5605,0
DA:5608,0
DA:5609,0
DA:5613,0
DA:5619,1
DA:5620,1
DA:5625,1
DA:5626,0
DA:5631,1
DA:5632,1
DA:5633,1
DA:5635,1
DA:5637,1
DA:5641,1
DA:5642,0
DA:5648,0
DA:5649,0
DA:5651,0
DA:5652,0
DA:5653,0
DA:5655,0
DA:5660,1
DA:5661,1
DA:5667,0
DA:5668,0
DA:5671,0
DA:5672,0
DA:5674,0
DA:5683,0
DA:5687,0
DA:5692,0
DA:5693,0
DA:5694,0
DA:5696,0
DA:5698,0
DA:5699,0
DA:5701,0
DA:5709,1
DA:5710,0
DA:5714,0
DA:5715,0
DA:5716,0
DA:5719,0
DA:5722,0
DA:5723,0
DA:5726,0
DA:5730,1
DA:5746,1
DA:5749,1
DA:5750,1
DA:5754,0
DA:5758,0
DA:5759,0
DA:5760,0
DA:5761,0
DA:5765,0
DA:5768,1
DA:5769,0
DA:5770,0
DA:5776,1
DA:5777,0
DA:5785,0
DA:5787,0
DA:5788,0
DA:5791,0
DA:5793,0
DA:5794,0
DA:5798,0
DA:5799,0
DA:5803,0
DA:5806,0
DA:5807,0
DA:5812,0
DA:5815,1
DA:5818,0
DA:5826,0
DA:5828,0
DA:5829,0
DA:5830,0
DA:5834,0
DA:5835,0
DA:5840,0
DA:5844,0
DA:5848,0
DA:5859,1
DA:5860,0
DA:5865,0
DA:5866,0
DA:5867,0
DA:5868,0
DA:5871,0
DA:5872,0
DA:5873,0
DA:5876,0
DA:5877,0
DA:5883,0
DA:5884,0
DA:5887,0
DA:5889,0
DA:5890,0
DA:5897,0
DA:5898,0
DA:5899,0
DA:5900,0
DA:5902,0
DA:5903,0
DA:5907,0
DA:5910,1
DA:5917,0
DA:5920,0
DA:5921,0
DA:5953,16
DA:5954,0
DA:5958,16
DA:5962,16
DA:5965,16
DA:5968,16
DA:5969,16
DA:5972,16
DA:5973,0
DA:5975,0
DA:5979,16
DA:5980,0
DA:5984,16
DA:5985,0
DA:5990,16
DA:5991,0
DA:5995,16
DA:5996,16
DA:6001,0
DA:6002,0
DA:6006,0
DA:6011,0
DA:6015,0
DA:6018,0
DA:6021,0
DA:6022,0
DA:6026,0
DA:6027,0
DA:6031,0
DA:6032,0
DA:6036,0
DA:6037,0
DA:6038,0
DA:6040,0
DA:6044,1
DA:6045,2
DA:6047,0
DA:6051,0
DA:6053,0
DA:6060,0
DA:6061,0
DA:6075,1
DA:6077,0
DA:6078,0
DA:6085,1
DA:6090,3
DA:6092,0
DA:6098,0
DA:6099,0
DA:6103,0
DA:6107,3
DA:6108,2
DA:6112,1
DA:6114,4
DA:6115,16
DA:6119,16
DA:6120,0
DA:6121,0
DA:6123,0
DA:6124,0
DA:6127,0
DA:6130,16
DA:6136,0
DA:6139,0
DA:6142,0
DA:6143,0
DA:6146,0
DA:6147,0
DA:6148,0
DA:6150,0
DA:6157,1
DA:6158,0
DA:6160,1
DA:6162,1
DA:6165,0
DA:6166,0
DA:6167,0
DA:6168,0
DA:6169,0
DA:6170,0
DA:6171,0
DA:6174,0
DA:6176,0
DA:6181,0
DA:6184,0
DA:6185,0
DA:6189,0
DA:6191,0
DA:6193,0
DA:6194,0
DA:6197,0
DA:6198,0
DA:6200,0
DA:6202,0
DA:6206,1
DA:6208,1
DA:6211,0
DA:6213,0
DA:6215,0
DA:6222,0
DA:6224,0
DA:6230,0
DA:6231,0
DA:6232,0
DA:6233,0
DA:6235,0
DA:6243,1
DA:6245,0
DA:6246,0
DA:6251,1
DA:6253,0
DA:6256,0
DA:6260,1
DA:6263,1
DA:6268,1
DA:6276,0
DA:6287,0
DA:6289,0
DA:6292,0
DA:6295,0
DA:6297,0
DA:6300,0
DA:6303,0
DA:6304,0
DA:6312,0
DA:6313,0
DA:6314,0
DA:6316,0
DA:6321,0
DA:6326,1
DA:6327,0
DA:6328,0
DA:6330,0
DA:6334,1
DA:6335,3
DA:6341,3
DA:6342,3
DA:6343,6
DA:6344,6
DA:6347,3
DA:6348,0
DA:6351,3
DA:6354,1
DA:6355,0
DA:6359,0
DA:6360,0
DA:6363,0
DA:6368,1
DA:6370,0
DA:6378,0
DA:6379,0
DA:6380,0
DA:6381,0
DA:6382,0
DA:6383,0
DA:6384,0
DA:6385,0
DA:6389,0
DA:6391,0
DA:6393,0
DA:6394,0
DA:6395,0
DA:6396,0
DA:6403,0
DA:6408,0
DA:6412,0
DA:6415,0
DA:6418,0
DA:6419,0
DA:6423,0
DA:6424,0
DA:6425,0
DA:6426,0
DA:6427,0
DA:6428,0
DA:6433,0
DA:6434,0
DA:6435,0
DA:6436,0
DA:6437,0
DA:6438,0
DA:6441,0
DA:6442,0
DA:6444,0
DA:6447,0
DA:6451,0
DA:6455,0
DA:6456,0
DA:6457,0
DA:6458,0
DA:6461,0
DA:6465,0
DA:6466,0
DA:6468,0
DA:6469,0
DA:6471,0
DA:6472,0
DA:6475,0
DA:6476,0
DA:6478,0
DA:6479,0
DA:6480,0
DA:6483,0
DA:6484,0
DA:6486,0
DA:6487,0
DA:6488,0
DA:6489,0
DA:6490,0
DA:6496,0
DA:6497,0
DA:6501,1
DA:6502,0
DA:6505,0
DA:6506,0
DA:6507,0
DA:6508,0
DA:6509,0
DA:6510,0
DA:6511,0
DA:6514,0
DA:6515,0
DA:6516,0
DA:6519,0
DA:6520,0
DA:6521,0
DA:6522,0
DA:6526,0
DA:6527,0
DA:6528,0
DA:6529,0
DA:6533,0
DA:6538,1
DA:6539,0
DA:6545,0
DA:6548,0
DA:6549,0
DA:6551,0
DA:6560,0
DA:6561,0
DA:6564,0
DA:6566,0
DA:6567,0
DA:6569,0
DA:6570,0
DA:6583,0
DA:6585,0
DA:6586,0
DA:6589,0
DA:6593,0
DA:6594,0
DA:6596,0
DA:6597,0
DA:6598,0
DA:6602,0
DA:6603,0
DA:6605,0
DA:6607,0
DA:6612,0
DA:6614,0
DA:6615,0
DA:6616,0
DA:6617,0
DA:6621,0
DA:6623,0
DA:6624,0
DA:6627,0
DA:6636,0
DA:6642,1
DA:6645,0
DA:6646,0
DA:6647,0
DA:6649,0
DA:6652,0
DA:6656,0
DA:6657,0
DA:6658,0
DA:6659,0
DA:6664,0
DA:6665,0
DA:6667,0
DA:6672,1
DA:6673,0
DA:6680,0
DA:6684,0
DA:6685,0
DA:6689,0
DA:6691,0
DA:6692,0
DA:6693,0
DA:6696,0
DA:6697,0
DA:6701,0
DA:6704,1
DA:6708,0
DA:6714,0
DA:6718,0
DA:6721,0
DA:6722,0
DA:6725,0
DA:6727,0
DA:6732,0
DA:6733,0
DA:6734,0
DA:6735,0
DA:6738,0
DA:6739,0
DA:6740,0
DA:6741,0
DA:6743,0
DA:6744,0
DA:6747,0
DA:6748,0
DA:6753,0
DA:6754,0
DA:6755,0
DA:6758,0
DA:6759,0
DA:6760,0
DA:6765,0
DA:6766,0
DA:6767,0
DA:6768,0
DA:6769,0
DA:6776,0
DA:6777,0
DA:6782,0
DA:6783,0
DA:6785,0
DA:6786,0
DA:6794,0
DA:6797,0
DA:6799,0
DA:6800,0
DA:6804,0
DA:6805,0
DA:6806,0
DA:6807,0
DA:6812,0
DA:6813,0
DA:6814,0
DA:6819,0
DA:6824,1
DA:6825,3
DA:6826,3
DA:6827,0
DA:6834,1
DA:6842,6
DA:6843,0
DA:6847,1
DA:6848,1
DA:6849,0
DA:6853,0
DA:6855,0
DA:6856,0
DA:6858,0
DA:6859,0
DA:6863,0
DA:6864,0
DA:6866,0
DA:6869,1
DA:6870,0
DA:6871,0
DA:6872,0
DA:6874,0
DA:6878,1
DA:6880,1
DA:6881,0
DA:6882,0
DA:6886,1
DA:6887,0
DA:6888,0
DA:6891,1
DA:6901,1
DA:6902,0
DA:6903,0
DA:6905,0
DA:6906,0
DA:6907,0
DA:6908,0
DA:6914,1
DA:6915,1
DA:6919,1
DA:6923,1
DA:6927,1
DA:6931,1
DA:6932,1
DA:6936,1
DA:6937,1
DA:6938,1
DA:6939,1
DA:6943,1
DA:6946,1
DA:6948,3
DA:6952,0
DA:6953,0
DA:6958,1
DA:6960,3
DA:6964,3
DA:6965,0
DA:6969,3
DA:6970,0
DA:6975,3
DA:6976,3
DA:6977,3
DA:6981,3
DA:6983,3
DA:6984,0
DA:6986,3
DA:6987,0
DA:6990,3
DA:6991,3
DA:6994,0
DA:6995,0
DA:6998,0
DA:7001,0
DA:7008,0
DA:7012,0
DA:7013,0
DA:7014,0
DA:7017,0
DA:7019,0
DA:7022,0
DA:7030,0
DA:7032,0
DA:7033,0
DA:7034,0
DA:7035,0
DA:7037,0
DA:7045,1
DA:7047,0
DA:7049,0
DA:7051,0
DA:7053,0
DA:7056,1
DA:7057,16
DA:7059,16
DA:7060,0
DA:7061,0
DA:7063,0
DA:7064,0
DA:7065,0
DA:7068,0
DA:7070,0
DA:7077,1
DA:7079,1
DA:7081,0
DA:7085,0
DA:7086,0
DA:7091,1
DA:7098,0
DA:7102,0
DA:7103,0
DA:7106,0
DA:7108,0
DA:7110,0
DA:7111,0
DA:7114,0
DA:7115,0
DA:7120,0
DA:7129,0
DA:7137,1
DA:7138,0
DA:7140,0
DA:7141,0
DA:7142,0
DA:7144,0
DA:7149,1
DA:7161,10
DA:7167,1
DA:7169,1
DA:7171,3
DA:7176,3
DA:7177,0
DA:7178,0
DA:7182,3
DA:7184,3
DA:7186,3
DA:7187,3
DA:7188,3
DA:7193,3
DA:7194,3
DA:7195,3
DA:7196,3
DA:7197,3
DA:7202,3
DA:7203,3
DA:7204,3
DA:7210,3
DA:7214,2
DA:7219,2
DA:7220,0
DA:7221,0
DA:7224,2
DA:7225,2
DA:7227,2
DA:7228,2
DA:7230,2
DA:7235,2
DA:7236,2
DA:7237,2
DA:7239,2
DA:7240,0
DA:7245,2
DA:7246,2
DA:7247,0
DA:7253,2
DA:7257,0
DA:7259,0
DA:7260,0
DA:7263,0
DA:7264,0
DA:7265,0
DA:7269,0
DA:7270,0
DA:7272,0
DA:7277,0
DA:7279,0
DA:7280,0
DA:7282,0
DA:7287,0
DA:7288,0
DA:7290,0
DA:7297,0
DA:7303,0
DA:7306,0
DA:7307,0
DA:7308,0
DA:7312,0
DA:7319,1
DA:7321,1
DA:7323,0
DA:7326,0
DA:7327,0
DA:7328,0
DA:7330,0
DA:7331,0
DA:7334,0
DA:7336,0
DA:7343,0
DA:7346,0
DA:7348,0
DA:7349,0
DA:7351,0
DA:7352,0
DA:7355,0
DA:7356,0
DA:7358,0
DA:7362,0
DA:7363,0
DA:7365,0
DA:7366,0
DA:7368,0
DA:7369,0
DA:7370,0
DA:7374,0
DA:7377,0
DA:7378,0
DA:7384,1
DA:7388,0
DA:7389,0
DA:7398,0
DA:7409,0
DA:7410,0
DA:7413,0
DA:7419,0
DA:7422,0
DA:7423,0
DA:7427,0
DA:7431,0
DA:7435,0
DA:7440,0
DA:7441,0
DA:7442,0
DA:7443,0
DA:7448,0
DA:7449,0
DA:7451,0
DA:7458,1
DA:7459,2
DA:7461,0
DA:7462,0
DA:7466,2
DA:7467,2
DA:7468,0
DA:7479,1
DA:7484,25
DA:7485,0
DA:7491,1
DA:7493,0
DA:7497,13
DA:7500,0
DA:7504,0
DA:7508,0
DA:7513,1
DA:7515,1
DA:7521,1
DA:7522,0
DA:7527,1
DA:7528,0
DA:7529,0
DA:7530,0
DA:7534,0
DA:7535,0
DA:7536,0
DA:7538,0
DA:7541,0
DA:7542,0
DA:7544,0
DA:7548,1
DA:7586,1
DA:7589,2
DA:7591,4
DA:7592,1
DA:7593,1
DA:7596,4
DA:7600,4
DA:7602,4
DA:7604,5
DA:7605,0
DA:7606,0
DA:7610,5
DA:7618,1
DA:7620,0
DA:7623,1
DA:7624,0
DA:7625,0
DA:7626,0
DA:7627,0
DA:7628,0
DA:7629,0
DA:7630,0
DA:7631,0
DA:7632,0
DA:7633,0
DA:7636,0
DA:7639,0
DA:7645,1
DA:7646,2
DA:7649,2
DA:7650,5
DA:7651,5
DA:7654,2
DA:7655,2
DA:7658,2
DA:7665,1
DA:7667,0
DA:7672,0
DA:7673,0
DA:7674,0
DA:7675,0
DA:7680,0
DA:7681,0
DA:7682,0
DA:7683,0
DA:7684,0
DA:7690,0
DA:7691,0
DA:7694,0
DA:7695,0
DA:7696,0
DA:7697,0
DA:7699,0
DA:7700,0
DA:7704,0
DA:7710,0
DA:7711,0
DA:7712,0
DA:7714,0
DA:7721,1
DA:7722,0
DA:7728,0
DA:7729,0
DA:7730,0
DA:7734,0
DA:7737,0
DA:7739,0
DA:7740,0
DA:7744,0
DA:7745,0
DA:7748,0
DA:7749,0
DA:7751,0
DA:7754,0
DA:7756,0
DA:7759,0
DA:7762,0
DA:7765,0
DA:7766,0
DA:7769,0
DA:7770,0
DA:7773,0
DA:7775,0
DA:7777,0
DA:7778,0
DA:7781,0
DA:7782,0
DA:7783,0
DA:7785,0
DA:7792,0
DA:7795,0
DA:7796,0
DA:7798,0
DA:7799,0
DA:7801,0
DA:7809,0
DA:7812,1
DA:7892,2
DA:7908,0
DA:7909,0
DA:7910,0
DA:7914,0
DA:7916,0
DA:7956,0
DA:7957,0
DA:7958,0
DA:7959,0
DA:7960,0
DA:7961,0
DA:7964,0
DA:7966,0
DA:7971,0
DA:7976,0
DA:7977,0
DA:7978,0
DA:7979,0
DA:7981,0
DA:7986,0
DA:7987,0
DA:7989,0
DA:7994,0
DA:7995,0
DA:7996,0
DA:7997,0
DA:7999,0
DA:8003,0
DA:8006,0
DA:8011,0
DA:8012,0
DA:8013,0
DA:8015,0
DA:8016,0
DA:8021,0
DA:8022,0
DA:8023,0
DA:8029,0
DA:8033,0
DA:8036,0
DA:8039,0
DA:8040,0
DA:8041,0
DA:8049,0
DA:8050,0
DA:8054,0
DA:8057,0
DA:8058,0
DA:8063,0
DA:8066,0
DA:8067,0
DA:8071,0
DA:8074,0
DA:8078,0
DA:8081,0
DA:8084,0
DA:8085,0
DA:8087,0
DA:8091,0
DA:8092,0
DA:8103,0
DA:8104,0
DA:8105,0
DA:8107,0
DA:8108,0
DA:8113,0
DA:8114,0
DA:8118,0
DA:8126,0
DA:8127,0
DA:8131,0
DA:8133,0
DA:8137,0
DA:8140,0
DA:8141,0
DA:8145,0
DA:8148,0
DA:8149,0
DA:8151,0
DA:8154,0
DA:8155,0
DA:8158,0
DA:8159,0
DA:8160,0
DA:8164,0
DA:8165,0
DA:8166,0
DA:8169,0
DA:8170,0
DA:8173,0
DA:8179,1
DA:8180,0
DA:8184,0
DA:8185,0
DA:8189,0
DA:8192,0
DA:8193,0
DA:8198,0
DA:8201,0
DA:8204,0
DA:8207,0
DA:8210,0
DA:8211,0
DA:8215,0
DA:8218,0
DA:8221,0
DA:8222,0
DA:8223,0
DA:8224,0
DA:8226,0
DA:8227,0
DA:8228,0
DA:8233,0
DA:8234,0
DA:8237,0
DA:8238,0
DA:8242,0
DA:8243,0
DA:8244,0
DA:8245,0
DA:8249,0
DA:8250,0
DA:8251,0
DA:8252,0
DA:8253,0
DA:8259,0
DA:8260,0
DA:8263,0
DA:8264,0
DA:8266,0
DA:8270,0
DA:8271,0
DA:8273,0
DA:8274,0
DA:8279,0
DA:8281,0
DA:8282,0
DA:8284,0
DA:8285,0
DA:8290,0
DA:8294,0
DA:8298,0
DA:8302,1
DA:8303,2
DA:8305,0
DA:8306,0
DA:8307,0
DA:8308,0
DA:8311,0
DA:8322,1
DA:8323,0
DA:8334,1
DA:8336,0
DA:8338,0
DA:8339,0
DA:8340,0
DA:8344,0
DA:8347,0
DA:8349,0
DA:8350,0
DA:8353,0
DA:8354,0
DA:8356,0
DA:8357,0
DA:8360,0
DA:8364,0
DA:8368,0
DA:8369,0
DA:8370,0
DA:8374,0
DA:8375,0
DA:8378,0
DA:8379,0
DA:8382,0
DA:8388,0
DA:8390,0
DA:8391,0
DA:8396,0
DA:8397,0
DA:8398,0
DA:8405,1
DA:8408,0
DA:8410,1
DA:8411,0
DA:8417,1
DA:8423,1
DA:8424,0
DA:8426,0
DA:8428,0
DA:8429,0
DA:8431,0
DA:8435,0
DA:8439,0
DA:8441,0
DA:8442,0
DA:8447,0
DA:8453,1
DA:8454,0
DA:8458,0
DA:8459,0
DA:8463,0
DA:8464,0
DA:8468,0
DA:8470,0
DA:8471,0
DA:8477,0
DA:8478,0
DA:8483,0
DA:8486,1
DA:8488,0
DA:8491,0
DA:8493,0
DA:8494,0
DA:8497,0
DA:8500,0
DA:8505,0
DA:8507,0
DA:8511,0
DA:8519,1
DA:8520,1
DA:8521,1
DA:8525,1
DA:8539,1
DA:8540,0
DA:8541,0
DA:8542,0
DA:8547,1
DA:8548,1
DA:8550,1
DA:8551,0
DA:8554,0
DA:8555,0
DA:8557,0
DA:8561,0
DA:8564,0
DA:8565,0
DA:8566,0
DA:8571,0
DA:8572,0
DA:8580,0
DA:8581,0
DA:8585,0
DA:8586,0
DA:8590,0
DA:8591,0
DA:8592,0
DA:8593,0
DA:8594,0
DA:8596,0
DA:8597,0
DA:8598,0
DA:8599,0
DA:8605,0
DA:8622,0
DA:8623,0
DA:8626,0
DA:8628,0
DA:8630,0
DA:8633,0
DA:8634,0
DA:8640,0
DA:8641,0
DA:8652,1
DA:8661,0
DA:8662,0
DA:8668,1
DA:8669,0
DA:8670,0
DA:8672,0
DA:8673,0
DA:8678,1
DA:8680,0
DA:8681,0
DA:8682,0
DA:8684,0
DA:8691,0
DA:8692,0
DA:8693,0
DA:8694,0
DA:8698,0
DA:8701,0
DA:8702,0
DA:8712,1
DA:8716,1
DA:8719,0
DA:8720,0
DA:8721,0
DA:8726,1
DA:8728,0
DA:8735,0
DA:8738,0
DA:8743,0
DA:8744,0
DA:8745,0
DA:8746,0
DA:8750,0
DA:8751,0
DA:8752,0
DA:8754,0
DA:8758,0
DA:8761,0
DA:8762,0
DA:8763,0
DA:8767,0
DA:8769,0
DA:8772,0
DA:8774,0
DA:8777,0
DA:8781,0
DA:8782,0
DA:8785,0
DA:8789,0
DA:8799,1
DA:8800,28
DA:8801,0
DA:8803,28
DA:8804,0
DA:8805,0
DA:8807,28
DA:8809,28
DA:8813,28
DA:8814,0
DA:8817,28
DA:8819,28
DA:8820,0
DA:8823,28
DA:8828,1
DA:8833,1
DA:8834,0
DA:8835,0
DA:8838,0
DA:8842,0
DA:8843,0
DA:8844,0
DA:8848,0
DA:8851,0
DA:8852,0
DA:8855,0
DA:8856,0
DA:8860,0
DA:8861,0
DA:8871,0
DA:8873,0
DA:8883,0
DA:8887,0
DA:8894,1
DA:8895,6
DA:8896,0
DA:8903,1
DA:8904,0
DA:8905,0
DA:8912,1
DA:8917,1
DA:8918,0
DA:8921,1
DA:8923,0
DA:8929,0
DA:8930,0
DA:8933,0
DA:8934,0
DA:8935,0
DA:8936,0
DA:8941,0
DA:8942,0
DA:8943,0
DA:8944,0
DA:8947,0
DA:8948,0
DA:8951,0
DA:8952,0
DA:8955,0
DA:8956,0
DA:8958,0
DA:8959,0
DA:8962,0
DA:8963,0
DA:8966,0
DA:8971,1
DA:8973,0
DA:8974,0
DA:8977,0
DA:8981,0
DA:8986,0
DA:8987,0
DA:8990,0
DA:8993,0
DA:8994,0
DA:8999,0
DA:9000,0
DA:9002,0
DA:9003,0
DA:9010,0
DA:9011,0
DA:9014,0
DA:9019,0
DA:9021,0
DA:9025,0
DA:9028,0
DA:9029,0
DA:9030,0
DA:9034,0
DA:9035,0
DA:9039,0
DA:9046,0
DA:9047,0
DA:9049,0
DA:9050,0
DA:9053,0
DA:9059,1
DA:9060,2
DA:9062,2
DA:9063,0
DA:9064,0
DA:9066,0
DA:9067,0
DA:9070,0
DA:9071,0
DA:9077,0
DA:9089,1
DA:9090,2
DA:9092,0
DA:9093,0
DA:9095,0
DA:9105,1
DA:9106,2
DA:9108,6
DA:9109,0
DA:9112,0
DA:9113,0
DA:9115,0
DA:9119,0
DA:9123,0
DA:9124,0
DA:9128,0
DA:9135,0
DA:9148,1
DA:9149,0
DA:9152,1
DA:9170,1
DA:9171,0
DA:9172,0
DA:9179,1
DA:9186,1
DA:9187,0
DA:9188,0
DA:9191,0
DA:9192,0
DA:9195,0
DA:9201,1
DA:9202,1
DA:9208,1
LF:3214
LH:1098
BRDA:17,1,0,0
BRDA:17,1,1,1
BRDA:17,2,0,1
BRDA:17,2,1,0
BRDA:25,3,0,0
BRDA:25,3,1,0
BRDA:28,4,0,0
BRDA:28,4,1,0
BRDA:38,5,0,1
BRDA:38,5,1,0
BRDA:111,6,0,0
BRDA:111,6,1,0
BRDA:114,7,0,0
BRDA:114,7,1,0
BRDA:162,8,0,0
BRDA:162,8,1,0
BRDA:163,9,0,0
BRDA:163,9,1,0
BRDA:163,10,0,0
BRDA:163,10,1,0
BRDA:167,11,0,0
BRDA:167,11,1,0
BRDA:179,12,0,90
BRDA:179,12,1,0
BRDA:185,13,0,5
BRDA:185,13,1,85
BRDA:189,14,0,5
BRDA:189,14,1,0
BRDA:194,15,0,0
BRDA:194,15,1,90
BRDA:194,16,0,90
BRDA:194,16,1,1
BRDA:199,17,0,28
BRDA:199,17,1,62
BRDA:206,18,0,39
BRDA:206,18,1,52
BRDA:213,19,0,0
BRDA:213,19,1,190
BRDA:218,20,0,3
BRDA:218,20,1,187
BRDA:218,21,0,190
BRDA:218,21,1,8
BRDA:218,21,2,8
BRDA:218,21,3,5
BRDA:219,22,0,0
BRDA:219,22,1,3
BRDA:221,23,0,0
BRDA:221,23,1,0
BRDA:221,24,0,0
BRDA:221,24,1,0
BRDA:224,25,0,3
BRDA:224,25,1,0
BRDA:224,26,0,3
BRDA:224,26,1,3
BRDA:231,27,0,187
BRDA:231,27,1,0
BRDA:262,28,0,126
BRDA:262,28,1,126
BRDA:270,29,0,0
BRDA:270,29,1,0
BRDA:278,30,0,5
BRDA:278,30,1,6
BRDA:278,31,0,11
BRDA:278,31,1,6
BRDA:278,31,2,6
BRDA:282,32,0,0
BRDA:282,32,1,6
BRDA:282,33,0,6
BRDA:282,33,1,6
BRDA:301,34,0,3
BRDA:301,34,1,204
BRDA:305,35,0,153
BRDA:305,35,1,51
BRDA:305,36,0,204
BRDA:305,36,1,68
BRDA:306,37,0,153
BRDA:306,37,1,12
BRDA:317,38,0,0
BRDA:317,38,1,0
BRDA:321,39,0,0
BRDA:321,39,1,0
BRDA:341,40,0,31
BRDA:341,40,1,31
BRDA:351,41,0,0
BRDA:351,41,1,106
BRDA:352,42,0,0
BRDA:352,42,1,0
BRDA:356,43,0,0
BRDA:356,43,1,0
BRDA:364,44,0,0
BRDA:364,44,1,0
BRDA:372,45,0,96
BRDA:372,45,1,10
BRDA:376,46,0,0
BRDA:376,46,1,167
BRDA:384,47,0,0
BRDA:384,47,1,42
BRDA:396,48,0,0
BRDA:396,48,1,5
BRDA:403,49,0,3
BRDA:403,49,1,0
BRDA:405,50,0,3
BRDA:405,50,1,0
BRDA:406,51,0,0
BRDA:406,51,1,3
BRDA:408,52,0,0
BRDA:408,52,1,0
BRDA:420,53,0,0
BRDA:420,53,1,1
BRDA:448,54,0,55
BRDA:448,54,1,3
BRDA:465,55,0,11
BRDA:465,55,1,0
BRDA:469,56,0,10
BRDA:469,56,1,0
BRDA:479,57,0,0
BRDA:479,57,1,0
BRDA:497,58,0,0
BRDA:497,58,1,0
BRDA:505,59,0,0
BRDA:505,59,1,0
BRDA:512,60,0,0
BRDA:512,60,1,0
BRDA:516,61,0,0
BRDA:516,61,1,0
BRDA:539,62,0,120
BRDA:539,62,1,110
BRDA:542,63,0,3
BRDA:542,63,1,117
BRDA:542,64,0,120
BRDA:542,64,1,120
BRDA:546,65,0,0
BRDA:546,65,1,117
BRDA:546,66,0,117
BRDA:546,66,1,0
BRDA:550,67,0,117
BRDA:550,67,1,105
BRDA:550,67,2,101
BRDA:550,67,3,91
BRDA:550,67,4,91
BRDA:597,68,0,4
BRDA:597,68,1,60
BRDA:619,69,0,0
BRDA:619,69,1,0
BRDA:704,70,0,0
BRDA:704,70,1,0
BRDA:704,71,0,0
BRDA:704,71,1,0
BRDA:706,72,0,0
BRDA:706,72,1,0
BRDA:731,73,0,1
BRDA:731,73,1,0
BRDA:755,74,0,0
BRDA:755,74,1,25
BRDA:755,75,0,15
BRDA:755,75,1,10
BRDA:755,76,0,15
BRDA:755,76,1,3
BRDA:759,77,0,25
BRDA:759,77,1,10
BRDA:760,78,0,25
BRDA:760,78,1,10
BRDA:763,79,0,0
BRDA:763,79,1,25
BRDA:763,80,0,25
BRDA:763,80,1,25
BRDA:763,80,2,25
BRDA:763,80,3,13
BRDA:763,80,4,0
BRDA:769,81,0,15
BRDA:769,81,1,10
BRDA:769,82,0,25
BRDA:769,82,1,15
BRDA:772,83,0,12
BRDA:772,83,1,3
BRDA:772,84,0,15
BRDA:772,84,1,15
BRDA:774,85,0,0
BRDA:774,85,1,12
BRDA:775,86,0,0
BRDA:775,86,1,0
BRDA:779,87,0,0
BRDA:779,87,1,0
BRDA:779,88,0,0
BRDA:779,88,1,0
BRDA:782,89,0,0
BRDA:782,89,1,0
BRDA:791,90,0,0
BRDA:791,90,1,0
BRDA:791,91,0,0
BRDA:791,91,1,0
BRDA:791,91,2,0
BRDA:791,91,3,0
BRDA:799,92,0,12
BRDA:799,92,1,0
BRDA:804,93,0,0
BRDA:804,93,1,0
BRDA:804,94,0,0
BRDA:804,94,1,0
BRDA:811,95,0,3
BRDA:811,95,1,0
BRDA:811,96,0,3
BRDA:811,96,1,3
BRDA:811,96,2,3
BRDA:814,97,0,3
BRDA:814,97,1,3
BRDA:820,98,0,0
BRDA:820,98,1,3
BRDA:820,99,0,3
BRDA:820,99,1,0
BRDA:823,100,0,0
BRDA:823,100,1,0
BRDA:834,101,0,0
BRDA:834,101,1,0
BRDA:834,101,2,0
BRDA:838,102,0,3
BRDA:838,102,1,0
BRDA:846,103,0,0
BRDA:846,103,1,3
BRDA:869,104,0,0
BRDA:869,104,1,2
BRDA:900,105,0,2
BRDA:900,105,1,8
BRDA:929,106,0,0
BRDA:929,106,1,0
BRDA:930,107,0,0
BRDA:930,107,1,0
BRDA:930,107,2,0
BRDA:930,107,3,0
BRDA:931,108,0,0
BRDA:931,108,1,0
BRDA:932,109,0,0
BRDA:932,109,1,0
BRDA:935,110,0,0
BRDA:935,110,1,0
BRDA:940,111,0,0
BRDA:940,111,1,0
BRDA:942,112,0,0
BRDA:942,112,1,0
BRDA:948,113,0,0
BRDA:948,113,1,0
BRDA:958,114,0,0
BRDA:958,114,1,0
BRDA:969,115,0,0
BRDA:969,115,1,0
BRDA:969,115,2,0
BRDA:987,116,0,0
BRDA:987,116,1,0
BRDA:1001,117,0,0
BRDA:1001,117,1,0
BRDA:1001,117,2,0
BRDA:1015,118,0,4
BRDA:1015,118,1,4
BRDA:1015,119,0,4
BRDA:1015,119,1,1
BRDA:1016,120,0,4
BRDA:1016,120,1,0
BRDA:1026,121,0,0
BRDA:1026,121,1,1
BRDA:1026,122,0,0
BRDA:1026,122,1,0
BRDA:1029,123,0,0
BRDA:1029,123,1,1
BRDA:1029,124,0,1
BRDA:1029,124,1,1
BRDA:1029,124,2,1
BRDA:1042,125,0,1
BRDA:1042,125,1,0
BRDA:1042,126,0,1
BRDA:1042,126,1,1
BRDA:1044,127,0,1
BRDA:1044,127,1,0
BRDA:1046,128,0,0
BRDA:1046,128,1,0
BRDA:1084,129,0,1
BRDA:1084,129,1,1
BRDA:1088,130,0,1
BRDA:1088,130,1,0
BRDA:1090,131,0,0
BRDA:1090,131,1,0
BRDA:1090,132,0,0
BRDA:1090,132,1,0
BRDA:1094,133,0,0
BRDA:1094,133,1,0
BRDA:1094,134,0,0
BRDA:1094,134,1,0
BRDA:1111,135,0,0
BRDA:1111,135,1,0
BRDA:1112,136,0,0
BRDA:1112,136,1,0
BRDA:1118,137,0,1
BRDA:1118,137,1,0
BRDA:1120,138,0,0
BRDA:1120,138,1,0
BRDA:1124,139,0,0
BRDA:1124,139,1,0
BRDA:1137,140,0,0
BRDA:1137,140,1,0
BRDA:1139,141,0,0
BRDA:1139,141,1,0
BRDA:1150,142,0,1
BRDA:1150,142,1,1
BRDA:1151,143,0,0
BRDA:1151,143,1,0
BRDA:1171,144,0,1
BRDA:1171,144,1,0
BRDA:1188,145,0,0
BRDA:1188,145,1,1
BRDA:1194,146,0,0
BRDA:1194,146,1,1
BRDA:1199,147,0,1
BRDA:1199,147,1,0
BRDA:1206,148,0,1
BRDA:1206,148,1,0
BRDA:1213,149,0,0
BRDA:1213,149,1,1
BRDA:1227,150,0,0
BRDA:1227,150,1,1
BRDA:1233,151,0,0
BRDA:1233,151,1,1
BRDA:1243,152,0,1
BRDA:1243,152,1,0
BRDA:1243,153,0,1
BRDA:1243,153,1,1
BRDA:1243,153,2,0
BRDA:1243,153,3,0
BRDA:1243,153,4,0
BRDA:1261,154,0,1
BRDA:1261,154,1,1
BRDA:1262,155,0,1
BRDA:1262,155,1,0
BRDA:1271,156,0,1
BRDA:1271,156,1,0
BRDA:1271,157,0,1
BRDA:1271,157,1,0
BRDA:1273,158,0,29
BRDA:1273,158,1,0
BRDA:1274,159,0,29
BRDA:1274,159,1,29
BRDA:1275,160,0,29
BRDA:1275,160,1,29
BRDA:1275,161,0,29
BRDA:1275,161,1,0
BRDA:1275,161,2,0
BRDA:1276,162,0,0
BRDA:1276,162,1,0
BRDA:1278,163,0,0
BRDA:1278,163,1,0
BRDA:1282,164,0,0
BRDA:1282,164,1,0
BRDA:1284,165,0,0
BRDA:1284,165,1,0
BRDA:1296,166,0,1
BRDA:1296,166,1,0
BRDA:1300,167,0,0
BRDA:1300,167,1,0
BRDA:1307,168,0,0
BRDA:1307,168,1,0
BRDA:1312,169,0,0
BRDA:1312,169,1,0
BRDA:1312,170,0,0
BRDA:1312,170,1,0
BRDA:1312,171,0,0
BRDA:1312,171,1,0
BRDA:1319,172,0,0
BRDA:1319,172,1,0
BRDA:1319,173,0,0
BRDA:1319,173,1,0
BRDA:1319,173,2,0
BRDA:1323,174,0,0
BRDA:1323,174,1,0
BRDA:1323,175,0,0
BRDA:1323,175,1,0
BRDA:1323,175,2,0
BRDA:1326,176,0,0
BRDA:1326,176,1,0
BRDA:1326,177,0,0
BRDA:1326,177,1,0
BRDA:1326,177,2,0
BRDA:1331,178,0,0
BRDA:1331,178,1,0
BRDA:1336,179,0,0
BRDA:1336,179,1,0
BRDA:1340,180,0,0
BRDA:1340,180,1,0
BRDA:1353,181,0,0
BRDA:1353,181,1,0
BRDA:1353,182,0,0
BRDA:1353,182,1,0
BRDA:1354,183,0,0
BRDA:1354,183,1,0
BRDA:1355,184,0,0
BRDA:1355,184,1,0
BRDA:1356,185,0,0
BRDA:1356,185,1,0
BRDA:1357,186,0,0
BRDA:1357,186,1,0
BRDA:1358,187,0,0
BRDA:1358,187,1,0
BRDA:1363,188,0,0
BRDA:1363,188,1,0
BRDA:1382,189,0,0
BRDA:1382,189,1,0
BRDA:1387,190,0,0
BRDA:1387,190,1,0
BRDA:1388,191,0,0
BRDA:1388,191,1,0
BRDA:1401,192,0,0
BRDA:1401,192,1,0
BRDA:1401,193,0,0
BRDA:1401,193,1,0
BRDA:1408,194,0,0
BRDA:1408,194,1,0
BRDA:1408,195,0,0
BRDA:1408,195,1,0
BRDA:1408,195,2,0
BRDA:1408,195,3,0
BRDA:1408,195,4,0
BRDA:1408,195,5,0
BRDA:1416,196,0,0
BRDA:1416,196,1,0
BRDA:1416,197,0,0
BRDA:1416,197,1,0
BRDA:1416,197,2,0
BRDA:1416,197,3,0
BRDA:1430,198,0,0
BRDA:1430,198,1,29
BRDA:1430,199,0,29
BRDA:1430,199,1,29
BRDA:1438,200,0,0
BRDA:1438,200,1,0
BRDA:1438,201,0,0
BRDA:1438,201,1,0
BRDA:1444,202,0,0
BRDA:1444,202,1,0
BRDA:1444,203,0,0
BRDA:1444,203,1,0
BRDA:1448,204,0,0
BRDA:1448,204,1,0
BRDA:1450,205,0,0
BRDA:1450,205,1,0
BRDA:1450,206,0,0
BRDA:1450,206,1,0
BRDA:1452,207,0,0
BRDA:1452,207,1,0
BRDA:1452,208,0,0
BRDA:1452,208,1,0
BRDA:1473,209,0,0
BRDA:1473,209,1,0
BRDA:1476,210,0,0
BRDA:1476,210,1,0
BRDA:1478,211,0,0
BRDA:1478,211,1,0
BRDA:1504,212,0,0
BRDA:1504,212,1,0
BRDA:1510,213,0,0
BRDA:1510,213,1,0
BRDA:1510,214,0,0
BRDA:1510,214,1,0
BRDA:1510,214,2,0
BRDA:1513,215,0,0
BRDA:1513,215,1,0
BRDA:1521,216,0,0
BRDA:1521,216,1,0
BRDA:1521,217,0,0
BRDA:1521,217,1,0
BRDA:1554,218,0,0
BRDA:1554,218,1,0
BRDA:1554,218,2,0
BRDA:1554,218,3,0
BRDA:1556,219,0,0
BRDA:1556,219,1,0
BRDA:1576,220,0,0
BRDA:1576,220,1,0
BRDA:1578,221,0,0
BRDA:1578,221,1,0
BRDA:1584,222,0,0
BRDA:1584,222,1,0
BRDA:1584,223,0,0
BRDA:1584,223,1,0
BRDA:1584,224,0,0
BRDA:1584,224,1,0
BRDA:1585,225,0,0
BRDA:1585,225,1,0
BRDA:1588,226,0,0
BRDA:1588,226,1,0
BRDA:1597,227,0,0
BRDA:1597,227,1,0
BRDA:1599,228,0,0
BRDA:1599,228,1,0
BRDA:1604,229,0,0
BRDA:1604,229,1,0
BRDA:1605,230,0,0
BRDA:1605,230,1,0
BRDA:1605,230,2,0
BRDA:1608,231,0,0
BRDA:1608,231,1,0
BRDA:1608,232,0,0
BRDA:1608,232,1,0
BRDA:1608,232,2,0
BRDA:1608,232,3,0
BRDA:1628,233,0,0
BRDA:1628,233,1,1
BRDA:1631,234,0,50
BRDA:1631,234,1,50
BRDA:1638,235,0,0
BRDA:1638,235,1,0
BRDA:1638,235,2,0
BRDA:1641,236,0,0
BRDA:1641,236,1,0
BRDA:1641,236,2,0
BRDA:1641,236,3,0
BRDA:1641,236,4,0
BRDA:1649,237,0,0
BRDA:1649,237,1,0
BRDA:1652,238,0,0
BRDA:1652,238,1,0
BRDA:1658,239,0,0
BRDA:1658,239,1,0
BRDA:1659,240,0,0
BRDA:1659,240,1,0
BRDA:1660,241,0,0
BRDA:1660,241,1,0
BRDA:1660,242,0,0
BRDA:1660,242,1,0
BRDA:1661,243,0,0
BRDA:1661,243,1,0
BRDA:1661,244,0,0
BRDA:1661,244,1,0
BRDA:1662,245,0,0
BRDA:1662,245,1,0
BRDA:1662,246,0,0
BRDA:1662,246,1,0
BRDA:1663,247,0,0
BRDA:1663,247,1,0
BRDA:1664,248,0,0
BRDA:1664,248,1,0
BRDA:1664,249,0,0
BRDA:1664,249,1,0
BRDA:1674,250,0,0
BRDA:1674,250,1,0
BRDA:1674,251,0,0
BRDA:1674,251,1,0
BRDA:1683,252,0,0
BRDA:1683,252,1,0
BRDA:1685,253,0,0
BRDA:1685,253,1,0
BRDA:1686,254,0,0
BRDA:1686,254,1,0
BRDA:1688,255,0,0
BRDA:1688,255,1,0
BRDA:1691,256,0,0
BRDA:1691,256,1,0
BRDA:1695,257,0,0
BRDA:1695,257,1,0
BRDA:1695,258,0,0
BRDA:1695,258,1,0
BRDA:1700,259,0,0
BRDA:1700,259,1,0
BRDA:1700,259,2,0
BRDA:1705,260,0,0
BRDA:1705,260,1,0
BRDA:1708,261,0,0
BRDA:1708,261,1,0
BRDA:1708,262,0,0
BRDA:1708,262,1,0
BRDA:1710,263,0,0
BRDA:1710,263,1,0
BRDA:1711,264,0,0
BRDA:1711,264,1,0
BRDA:1712,265,0,0
BRDA:1712,265,1,0
BRDA:1713,266,0,0
BRDA:1713,266,1,0
BRDA:1714,267,0,0
BRDA:1714,267,1,0
BRDA:1716,268,0,0
BRDA:1716,268,1,0
BRDA:1716,268,2,0
BRDA:1716,268,3,0
BRDA:1716,268,4,0
BRDA:1722,269,0,0
BRDA:1722,269,1,0
BRDA:1722,270,0,0
BRDA:1722,270,1,0
BRDA:1722,270,2,0
BRDA:1729,271,0,0
BRDA:1729,271,1,0
BRDA:1729,272,0,0
BRDA:1729,272,1,0
BRDA:1729,272,2,0
BRDA:1729,273,0,0
BRDA:1729,273,1,0
BRDA:1735,274,0,0
BRDA:1735,274,1,0
BRDA:1735,274,2,0
BRDA:1735,274,3,0
BRDA:1735,274,4,0
BRDA:1738,275,0,0
BRDA:1738,275,1,0
BRDA:1738,276,0,0
BRDA:1738,276,1,0
BRDA:1738,277,0,0
BRDA:1738,277,1,0
BRDA:1740,278,0,0
BRDA:1740,278,1,0
BRDA:1741,279,0,0
BRDA:1741,279,1,0
BRDA:1744,280,0,0
BRDA:1744,280,1,0
BRDA:1753,281,0,0
BRDA:1753,281,1,0
BRDA:1753,281,2,0
BRDA:1764,282,0,0
BRDA:1764,282,1,0
BRDA:1764,282,2,0
BRDA:1770,283,0,0
BRDA:1770,283,1,0
BRDA:1775,284,0,0
BRDA:1775,284,1,0
BRDA:1777,285,0,0
BRDA:1777,285,1,0
BRDA:1806,286,0,0
BRDA:1806,286,1,0
BRDA:1814,287,0,0
BRDA:1814,287,1,0
BRDA:1837,288,0,0
BRDA:1837,288,1,0
BRDA:1837,288,2,0
BRDA:1850,289,0,0
BRDA:1850,289,1,0
BRDA:1850,290,0,0
BRDA:1850,290,1,0
BRDA:1857,291,0,0
BRDA:1857,291,1,0
BRDA:1857,292,0,0
BRDA:1857,292,1,0
BRDA:1859,293,0,0
BRDA:1859,293,1,0
BRDA:1862,294,0,0
BRDA:1862,294,1,0
BRDA:1864,295,0,0
BRDA:1864,295,1,0
BRDA:1871,296,0,0
BRDA:1871,296,1,0
BRDA:1872,297,0,0
BRDA:1872,297,1,0
BRDA:1880,298,0,0
BRDA:1880,298,1,0
[...]
BRDA:14,1,0,0
BRDA:14,1,1,0
BRDA:14,2,0,0
BRDA:14,2,1,0
BRF:4
BRH:0
end_of_record
TN:
SF:./main/webapp/scripts/components/admin/configuration.service.js
FN:4,(anonymous_1)
FN:6,(anonymous_2)
FN:7,(anonymous_3)
FN:9,(anonymous_4)
FNF:4
FNH:0
FNDA:0,(anonymous_1)
FNDA:0,(anonymous_2)
FNDA:0,(anonymous_3)
FNDA:0,(anonymous_4)
DA:3,1
DA:5,0
DA:7,0
DA:8,0
DA:9,0
DA:10,0
DA:12,0
DA:13,0
LF:8
LH:1
BRF:0
BRH:0
end_of_record
TN:
SF:./main/webapp/scripts/components/admin/logs.service.js
FN:4,(anonymous_1)
FNF:1
FNH:0
FNDA:0,(anonymous_1)
DA:3,1
DA:5,0
LF:2
LH:1
BRF:0
BRH:0
end_of_record
TN:
SF:./main/webapp/scripts/components/admin/monitoring.service.js
FN:4,(anonymous_1)
FN:6,(anonymous_2)
FN:7,(anonymous_3)
FN:12,(anonymous_4)
FN:13,(anonymous_5)
FN:18,(anonymous_6)
FN:19,(anonymous_7)
FNF:7
FNH:2
FNDA:13,(anonymous_1)
FNDA:0,(anonymous_2)
FNDA:0,(anonymous_3)
FNDA:13,(anonymous_4)
FNDA:0,(anonymous_5)
FNDA:0,(anonymous_6)
FNDA:0,(anonymous_7)
DA:3,1
DA:5,13
DA:7,0
DA:8,0
DA:13,13
DA:14,0
DA:19,0
DA:20,0
LF:8
LH:3
BRF:0
BRH:0
end_of_record
TN:
SF:./main/webapp/scripts/components/alert/alert.directive.js
FN:4,(anonymous_1)
FN:11,(anonymous_2)
FN:13,(anonymous_3)
FN:20,(anonymous_4)
FN:27,(anonymous_5)
FN:30,(anonymous_6)
FN:64,(anonymous_7)
FN:70,(anonymous_8)
FNF:8
FNH:0
FNDA:0,(anonymous_1)
FNDA:0,(anonymous_2)
FNDA:0,(anonymous_3)
FNDA:0,(anonymous_4)
FNDA:0,(anonymous_5)
FNDA:0,(anonymous_6)
FNDA:0,(anonymous_7)
FNDA:0,(anonymous_8)
DA:3,1
DA:5,0
DA:12,0
DA:13,0
DA:14,0
DA:21,0
DA:28,0
DA:30,0
DA:31,0
DA:32,0
DA:33,0
DA:36,0
DA:37,0
DA:40,0
DA:41,0
DA:42,0
DA:44,0
DA:45,0
DA:46,0
DA:48,0
DA:49,0
DA:51,0
DA:53,0
DA:56,0
DA:57,0
DA:59,0
DA:64,0
DA:65,0
DA:66,0
DA:70,0
DA:71,0
LF:31
LH:1
BRDA:33,1,0,0
BRDA:33,1,1,0
BRDA:33,1,2,0
BRDA:40,2,0,0
BRDA:40,2,1,0
BRDA:40,3,0,0
BRDA:40,3,1,0
BRDA:48,4,0,0
BRDA:48,4,1,0
BRDA:48,5,0,0
BRDA:48,5,1,0
BRDA:56,6,0,0
BRDA:56,6,1,0
BRDA:56,7,0,0
BRDA:56,7,1,0
BRDA:65,8,0,0
BRDA:65,8,1,0
BRDA:65,9,0,0
BRDA:65,9,1,0
BRF:19
BRH:0
end_of_record
TN:
SF:./main/webapp/scripts/components/alert/alert.service.js
FN:4,(anonymous_1)
FN:21,clear
FN:25,get
FN:29,success
FN:38,error
FN:47,warning
FN:56,info
FN:65,factory
FN:71,(anonymous_9)
FN:77,addAlert
FN:82,(anonymous_11)
FN:88,closeAlert
FN:89,(anonymous_13)
FN:92,closeAlertByIndex
FNF:14
FNH:1
FNDA:21,(anonymous_1)
FNDA:0,clear
FNDA:0,get
FNDA:0,success
FNDA:0,error
FNDA:0,warning
FNDA:0,info
FNDA:0,factory
FNDA:0,(anonymous_9)
FNDA:0,addAlert
FNDA:0,(anonymous_11)
FNDA:0,closeAlert
FNDA:0,(anonymous_13)
FNDA:0,closeAlertByIndex
DA:3,1
DA:5,21
DA:21,1
DA:22,0
DA:25,1
DA:26,0
DA:29,1
DA:30,0
DA:38,1
DA:39,0
DA:47,1
DA:48,0
DA:56,1
DA:57,0
DA:65,1
DA:66,0
DA:72,0
DA:77,1
DA:78,0
DA:79,0
DA:80,0
DA:81,0
DA:82,0
DA:83,0
DA:88,1
DA:89,0
DA:92,1
DA:93,0
DA:96,21
LF:29
LH:13
BRDA:81,1,0,0
BRDA:81,1,1,0
BRDA:81,2,0,0
BRDA:81,2,1,0
BRF:4
BRH:0
end_of_record
TN:
SF:./main/webapp/scripts/components/auth/auth.service.js
FN:4,Auth
FN:6,(anonymous_2)
FN:10,(anonymous_3)
FN:12,(anonymous_4)
FN:17,(anonymous_5)
FN:26,(anonymous_6)
FN:31,(anonymous_7)
FN:33,(anonymous_8)
FN:58,(anonymous_9)
FN:62,(anonymous_10)
FN:65,(anonymous_11)
FN:71,(anonymous_12)
FN:75,(anonymous_13)
FN:78,(anonymous_14)
FN:83,(anonymous_15)
FN:87,(anonymous_16)
FN:90,(anonymous_17)
FN:95,(anonymous_18)
FN:98,(anonymous_19)
FN:100,(anonymous_20)
FN:105,(anonymous_21)
FN:108,(anonymous_22)
FN:110,(anonymous_23)
FN:115,(anonymous_24)
FN:118,(anonymous_25)
FN:120,(anonymous_26)
FNF:26
FNH:4
FNDA:21,Auth
FNDA:0,(anonymous_2)
FNDA:0,(anonymous_3)
FNDA:0,(anonymous_4)
FNDA:0,(anonymous_5)
FNDA:1,(anonymous_6)
FNDA:5,(anonymous_7)
FNDA:5,(anonymous_8)
FNDA:0,(anonymous_9)
FNDA:0,(anonymous_10)
FNDA:0,(anonymous_11)
FNDA:0,(anonymous_12)
FNDA:0,(anonymous_13)
FNDA:0,(anonymous_14)
FNDA:0,(anonymous_15)
FNDA:0,(anonymous_16)
FNDA:0,(anonymous_17)
FNDA:0,(anonymous_18)
FNDA:0,(anonymous_19)
FNDA:0,(anonymous_20)
FNDA:0,(anonymous_21)
FNDA:0,(anonymous_22)
FNDA:0,(anonymous_23)
FNDA:0,(anonymous_24)
FNDA:0,(anonymous_25)
FNDA:0,(anonymous_26)
DA:3,1
DA:5,21
DA:7,0
DA:8,0
DA:10,0
DA:12,0
DA:14,0
DA:16,0
DA:18,0
DA:19,0
DA:20,0
DA:23,0
DA:27,1
DA:28,1
DA:32,5
DA:34,5
DA:37,5
DA:38,0
DA:41,5
DA:42,0
DA:44,0
DA:49,0
DA:50,0
DA:53,0
DA:59,0
DA:61,0
DA:63,0
DA:66,0
DA:67,0
DA:72,0
DA:74,0
DA:76,0
DA:79,0
DA:84,0
DA:86,0
DA:88,0
DA:91,0
DA:96,0
DA:98,0
DA:99,0
DA:101,0
DA:106,0
DA:108,0
DA:109,0
DA:111,0
DA:116,0
DA:118,0
DA:119,0
DA:121,0
LF:49
LH:8
BRDA:7,1,0,0
BRDA:7,1,1,0
BRDA:37,2,0,0
BRDA:37,2,1,5
BRDA:37,3,0,5
BRDA:37,3,1,3
BRDA:37,3,2,0
BRDA:37,3,3,0
BRDA:41,4,0,0
BRDA:41,4,1,5
BRDA:41,5,0,5
BRDA:41,5,1,5
BRDA:41,5,2,0
BRDA:42,6,0,0
BRDA:42,6,1,0
BRDA:59,7,0,0
BRDA:59,7,1,0
BRDA:72,8,0,0
BRDA:72,8,1,0
BRDA:84,9,0,0
BRDA:84,9,1,0
BRDA:96,10,0,0
BRDA:96,10,1,0
BRDA:106,11,0,0
BRDA:106,11,1,0
BRDA:116,12,0,0
BRDA:116,12,1,0
BRF:27
BRH:6
end_of_record
TN:
SF:./main/webapp/scripts/components/auth/authority.directive.js
FN:4,(anonymous_1)
FN:7,(anonymous_2)
FN:8,(anonymous_3)
FN:11,(anonymous_4)
FN:14,(anonymous_5)
FN:35,(anonymous_6)
FN:38,(anonymous_7)
FN:39,(anonymous_8)
FN:42,(anonymous_9)
FN:45,(anonymous_10)
FN:52,(anonymous_11)
FNF:11
FNH:0
FNDA:0,(anonymous_1)
FNDA:0,(anonymous_2)
FNDA:0,(anonymous_3)
FNDA:0,(anonymous_4)
FNDA:0,(anonymous_5)
FNDA:0,(anonymous_6)
FNDA:0,(anonymous_7)
FNDA:0,(anonymous_8)
FNDA:0,(anonymous_9)
FNDA:0,(anonymous_10)
FNDA:0,(anonymous_11)
DA:3,1
DA:5,0
DA:8,0
DA:9,0
DA:12,0
DA:15,0
DA:16,0
DA:17,0
DA:20,0
DA:21,0
DA:22,0
DA:24,0
DA:29,0
DA:30,0
DA:36,0
DA:39,0
DA:40,0
DA:43,0
DA:47,0
DA:48,0
DA:51,0
DA:53,0
DA:54,0
DA:56,0
DA:62,0
DA:63,0
LF:26
LH:1
BRDA:16,1,0,0
BRDA:16,1,1,0
BRDA:21,2,0,0
BRDA:21,2,1,0
BRDA:29,3,0,0
BRDA:29,3,1,0
BRDA:47,4,0,0
BRDA:47,4,1,0
BRDA:53,5,0,0
BRDA:53,5,1,0
BRDA:62,6,0,0
BRDA:62,6,1,0
BRF:12
BRH:0
end_of_record
TN:
SF:./main/webapp/scripts/components/auth/principal.service.js
FN:4,Principal
FN:9,(anonymous_2)
FN:12,(anonymous_3)
FN:15,(anonymous_4)
FN:20,(anonymous_5)
FN:22,(anonymous_6)
FN:26,(anonymous_7)
FN:39,(anonymous_8)
FN:43,(anonymous_9)
FN:60,(anonymous_10)
FN:65,(anonymous_11)
FNF:11
FNH:6
FNDA:21,Principal
FNDA:4,(anonymous_2)
FNDA:5,(anonymous_3)
FNDA:0,(anonymous_4)
FNDA:0,(anonymous_5)
FNDA:0,(anonymous_6)
FNDA:0,(anonymous_7)
FNDA:1,(anonymous_8)
FNDA:7,(anonymous_9)
FNDA:3,(anonymous_10)
FNDA:0,(anonymous_11)
DA:3,1
DA:5,21
DA:8,21
DA:10,4
DA:13,5
DA:16,0
DA:17,0
DA:20,0
DA:21,0
DA:23,0
DA:27,0
DA:28,0
DA:31,0
DA:32,0
DA:33,0
DA:37,0
DA:40,1
DA:41,1
DA:44,7
DA:46,7
DA:47,0
DA:52,7
DA:53,2
DA:55,2
DA:59,5
DA:61,3
DA:62,3
DA:63,3
DA:66,0
DA:67,0
DA:68,0
DA:70,5
LF:32
LH:17
BRDA:16,1,0,0
BRDA:16,1,1,0
BRDA:21,2,0,0
BRDA:21,2,1,0
BRDA:27,3,0,0
BRDA:27,3,1,0
BRDA:27,4,0,0
BRDA:27,4,1,0
BRDA:27,4,2,0
BRDA:32,5,0,0
BRDA:32,5,1,0
BRDA:46,6,0,0
BRDA:46,6,1,7
BRDA:52,7,0,2
BRDA:52,7,1,5
BRF:15
BRH:3
end_of_record
TN:
SF:./main/webapp/scripts/components/auth/provider/auth.oauth2.service.js
FN:4,loginService
FN:6,(anonymous_2)
FN:16,(anonymous_3)
FN:24,(anonymous_4)
FN:26,(anonymous_5)
FN:30,(anonymous_6)
FN:33,(anonymous_7)
FNF:7
FNH:3
FNDA:21,loginService
FNDA:0,(anonymous_2)
FNDA:0,(anonymous_3)
FNDA:1,(anonymous_4)
FNDA:1,(anonymous_5)
FNDA:0,(anonymous_6)
FNDA:0,(anonymous_7)
DA:3,1
DA:5,21
DA:7,0
DA:10,0
DA:17,0
DA:18,0
DA:19,0
DA:20,0
DA:21,0
DA:26,1
DA:27,1
DA:31,0
DA:34,0
DA:35,0
LF:14
LH:4
BRDA:35,1,0,0
BRDA:35,1,1,0
BRDA:35,1,2,0
BRF:3
BRH:0
end_of_record
TN:
SF:./main/webapp/scripts/components/auth/services/account.service.js
FN:4,Account
FN:8,(anonymous_2)
FNF:2
FNH:2
FNDA:21,Account
FNDA:3,(anonymous_2)
DA:3,1
DA:5,21
DA:10,3
LF:3
LH:3
BRF:0
BRH:0
end_of_record
TN:
SF:./main/webapp/scripts/components/auth/services/activate.service.js
FN:4,(anonymous_1)
FNF:1
FNH:1
FNDA:21,(anonymous_1)
DA:3,1
DA:5,21
LF:2
LH:2
BRF:0
BRH:0
end_of_record
TN:
SF:./main/webapp/scripts/components/auth/services/password.service.js
FN:4,(anonymous_1)
FN:10,(anonymous_2)
FN:16,(anonymous_3)
FNF:3
FNH:3
FNDA:21,(anonymous_1)
FNDA:21,(anonymous_2)
FNDA:21,(anonymous_3)
DA:3,1
DA:5,21
DA:9,1
DA:11,21
DA:15,1
DA:17,21
LF:6
LH:6
BRF:0
BRH:0
end_of_record
TN:
SF:./main/webapp/scripts/components/auth/services/register.service.js
FN:4,(anonymous_1)
FNF:1
FNH:1
FNDA:21,(anonymous_1)
DA:3,1
DA:5,21
LF:2
LH:2
BRF:0
BRH:0
end_of_record
TN:
SF:./main/webapp/scripts/components/entities/beer/beer.service.js
FN:4,(anonymous_1)
FN:9,(anonymous_2)
FNF:2
FNH:0
FNDA:0,(anonymous_1)
FNDA:0,(anonymous_2)
DA:3,1
DA:5,0
DA:10,0
DA:11,0
LF:4
LH:1
BRF:0
BRH:0
end_of_record
TN:
SF:./main/webapp/scripts/components/entities/brewery/brewery.service.js
FN:4,(anonymous_1)
FN:9,(anonymous_2)
FNF:2
FNH:0
FNDA:0,(anonymous_1)
FNDA:0,(anonymous_2)
DA:3,1
DA:5,0
DA:10,0
DA:11,0
LF:4
LH:1
BRF:0
BRH:0
end_of_record
TN:
SF:./main/webapp/scripts/components/entities/type/type.service.js
FN:4,(anonymous_1)
FN:9,(anonymous_2)
FNF:2
FNH:0
FNDA:0,(anonymous_1)
FNDA:0,(anonymous_2)
DA:3,1
DA:5,0
DA:10,0
DA:11,0
LF:4
LH:1
BRF:0
BRH:0
end_of_record
TN:
SF:./main/webapp/scripts/components/form/form.directive.js
FN:5,(anonymous_1)
FN:9,(anonymous_2)
FN:10,(anonymous_3)
FN:15,(anonymous_4)
FN:17,(anonymous_5)
FN:19,(anonymous_6)
FNF:6
FNH:0
FNDA:0,(anonymous_1)
FNDA:0,(anonymous_2)
FNDA:0,(anonymous_3)
FNDA:0,(anonymous_4)
FNDA:0,(anonymous_5)
FNDA:0,(anonymous_6)
DA:4,1
DA:6,0
DA:10,0
DA:11,0
DA:12,0
DA:14,0
DA:15,0
DA:16,0
DA:17,0
DA:18,0
DA:20,0
LF:11
LH:1
BRDA:14,1,0,0
BRDA:14,1,1,0
BRDA:18,2,0,0
BRDA:18,2,1,0
BRF:4
BRH:0
end_of_record
TN:
SF:./main/webapp/scripts/components/form/maxbytes.directive.js
FN:5,(anonymous_1)
FN:6,endsWith
FN:10,paddingSize
FN:20,numberOfBytes
FN:27,(anonymous_5)
FN:30,(anonymous_6)
FNF:6
FNH:0
FNDA:0,(anonymous_1)
FNDA:0,endsWith
FNDA:0,paddingSize
FNDA:0,numberOfBytes
FNDA:0,(anonymous_5)
FNDA:0,(anonymous_6)
DA:4,1
DA:6,1
DA:7,0
DA:10,1
DA:11,0
DA:12,0
DA:14,0
DA:15,0
DA:17,0
DA:20,1
DA:21,0
DA:24,0
DA:28,0
DA:30,0
DA:31,0
LF:15
LH:4
BRDA:11,1,0,0
BRDA:11,1,1,0
BRDA:14,2,0,0
BRDA:14,2,1,0
BRDA:28,3,0,0
BRDA:28,3,1,0
BRDA:31,4,0,0
BRDA:31,4,1,0
BRF:8
BRH:0
end_of_record
TN:
SF:./main/webapp/scripts/components/form/minbytes.directive.js
FN:5,(anonymous_1)
FN:6,endsWith
FN:10,paddingSize
FN:20,numberOfBytes
FN:27,(anonymous_5)
FN:30,(anonymous_6)
FNF:6
FNH:0
FNDA:0,(anonymous_1)
FNDA:0,endsWith
FNDA:0,paddingSize
FNDA:0,numberOfBytes
FNDA:0,(anonymous_5)
FNDA:0,(anonymous_6)
DA:4,1
DA:6,1
DA:7,0
DA:10,1
DA:11,0
DA:12,0
DA:14,0
DA:15,0
DA:17,0
DA:20,1
DA:21,0
DA:24,0
DA:28,0
DA:30,0
DA:31,0
LF:15
LH:4
BRDA:11,1,0,0
BRDA:11,1,1,0
BRDA:14,2,0,0
BRDA:14,2,1,0
BRDA:28,3,0,0
BRDA:28,3,1,0
BRDA:31,4,0,0
BRDA:31,4,1,0
BRF:8
BRH:0
end_of_record
TN:
SF:./main/webapp/scripts/components/form/pager.directive.js
FN:5,(anonymous_1)
FNF:1
FNH:0
FNDA:0,(anonymous_1)
DA:4,1
DA:6,0
LF:2
LH:1
BRF:0
BRH:0
end_of_record
TN:
SF:./main/webapp/scripts/components/form/pagination.directive.js
FN:5,(anonymous_1)
FNF:1
FNH:0
FNDA:0,(anonymous_1)
DA:4,1
DA:6,0
LF:2
LH:1
BRF:0
BRH:0
end_of_record
TN:
SF:./main/webapp/scripts/components/interceptor/auth.interceptor.js
FN:4,(anonymous_1)
FN:7,(anonymous_2)
FN:19,(anonymous_3)
FN:21,(anonymous_4)
FNF:4
FNH:3
FNDA:21,(anonymous_1)
FNDA:12,(anonymous_2)
FNDA:21,(anonymous_3)
FNDA:0,(anonymous_4)
DA:3,1
DA:5,21
DA:8,12
DA:9,12
DA:11,12
DA:12,0
DA:15,12
DA:20,21
DA:23,0
DA:24,0
DA:25,0
DA:26,0
DA:27,0
DA:28,0
DA:31,0
LF:15
LH:7
BRDA:8,1,0,12
BRDA:8,1,1,0
BRDA:11,2,0,0
BRDA:11,2,1,12
BRDA:11,3,0,12
BRDA:11,3,1,0
BRDA:11,3,2,0
BRDA:23,4,0,0
BRDA:23,4,1,0
BRDA:23,5,0,0
BRDA:23,5,1,0
BRDA:23,5,2,0
BRDA:26,6,0,0
BRDA:26,6,1,0
BRF:14
BRH:3
end_of_record
TN:
SF:./main/webapp/scripts/components/interceptor/errorhandler.interceptor.js
FN:4,(anonymous_1)
FN:6,(anonymous_2)
FNF:2
FNH:1
FNDA:21,(anonymous_1)
FNDA:0,(anonymous_2)
DA:3,1
DA:5,21
DA:7,0
DA:8,0
DA:10,0
LF:5
LH:2
BRDA:7,1,0,0
BRDA:7,1,1,0
BRDA:7,2,0,0
BRDA:7,2,1,0
BRF:4
BRH:0
end_of_record
TN:
SF:./main/webapp/scripts/components/interceptor/notification.interceptor.js
FN:4,(anonymous_1)
FN:6,(anonymous_2)
FNF:2
FNH:2
FNDA:21,(anonymous_1)
FNDA:12,(anonymous_2)
DA:3,1
DA:5,21
DA:7,12
DA:8,12
DA:9,0
DA:11,12
LF:6
LH:5
BRDA:8,1,0,0
BRDA:8,1,1,12
BRF:2
BRH:1
end_of_record
TN:
SF:./main/webapp/scripts/components/navbar/navbar.controller.js
FN:4,(anonymous_1)
FN:9,(anonymous_2)
FNF:2
FNH:0
FNDA:0,(anonymous_1)
FNDA:0,(anonymous_2)
DA:3,1
DA:5,0
DA:6,0
DA:7,0
DA:9,0
DA:10,0
DA:11,0
LF:7
LH:1
BRF:0
BRH:0
end_of_record
TN:
SF:./main/webapp/scripts/components/navbar/navbar.directive.js
FN:4,(anonymous_1)
FN:7,(anonymous_2)
FN:12,(anonymous_3)
FNF:3
FNH:0
FNDA:0,(anonymous_1)
FNDA:0,(anonymous_2)
FNDA:0,(anonymous_3)
DA:3,1
DA:5,0
DA:8,0
DA:9,0
DA:10,0
DA:11,0
DA:12,0
DA:13,0
DA:14,0
DA:16,0
LF:10
LH:1
BRDA:13,1,0,0
BRDA:13,1,1,0
BRF:2
BRH:0
end_of_record
TN:
SF:./main/webapp/scripts/components/user/user.service.js
FN:4,(anonymous_1)
FN:9,(anonymous_2)
FNF:2
FNH:0
FNDA:0,(anonymous_1)
FNDA:0,(anonymous_2)
DA:3,1
DA:5,0
DA:10,0
DA:11,0
LF:4
LH:1
BRF:0
BRH:0
end_of_record
TN:
SF:./main/webapp/scripts/components/util/base64.service.js
FN:5,(anonymous_1)
FN:11,(anonymous_2)
FN:45,(anonymous_3)
FN:78,(anonymous_4)
FN:81,(anonymous_5)
FN:85,(anonymous_6)
FN:89,(anonymous_7)
FN:93,(anonymous_8)
FNF:8
FNH:1
FNDA:21,(anonymous_1)
FNDA:0,(anonymous_2)
FNDA:0,(anonymous_3)
FNDA:0,(anonymous_4)
FNDA:0,(anonymous_5)
FNDA:0,(anonymous_6)
FNDA:0,(anonymous_7)
FNDA:0,(anonymous_8)
DA:4,1
DA:6,21
DA:11,21
DA:12,0
DA:17,0
DA:18,0
DA:19,0
DA:20,0
DA:22,0
DA:23,0
DA:24,0
DA:25,0
DA:27,0
DA:28,0
DA:29,0
DA:30,0
DA:33,0
DA:38,0
DA:39,0
DA:42,0
DA:45,21
DA:46,0
DA:52,0
DA:54,0
DA:55,0
DA:56,0
DA:57,0
DA:58,0
DA:60,0
DA:61,0
DA:62,0
DA:64,0
DA:66,0
DA:67,0
DA:69,0
DA:70,0
DA:73,0
DA:74,0
DA:79,0
DA:82,0
DA:86,0
DA:90,0
DA:94,0
LF:43
LH:4
BRDA:27,1,0,0
BRDA:27,1,1,0
BRDA:29,2,0,0
BRDA:29,2,1,0
BRDA:66,3,0,0
BRDA:66,3,1,0
BRDA:69,4,0,0
BRDA:69,4,1,0
BRF:8
BRH:0
end_of_record
TN:
SF:./main/webapp/scripts/components/util/dateutil.service.js
FN:4,(anonymous_1)
FN:5,(anonymous_2)
FN:16,(anonymous_3)
FN:23,(anonymous_4)
FNF:4
FNH:0
FNDA:0,(anonymous_1)
FNDA:0,(anonymous_2)
FNDA:0,(anonymous_3)
FNDA:0,(anonymous_4)
DA:3,1
DA:5,0
DA:6,0
DA:7,0
DA:8,0
DA:9,0
DA:10,0
DA:11,0
DA:13,0
DA:16,0
DA:17,0
DA:18,0
DA:19,0
DA:21,0
DA:23,0
DA:24,0
DA:25,0
DA:27,0
LF:18
LH:1
BRDA:6,1,0,0
BRDA:6,1,1,0
BRDA:17,2,0,0
BRDA:17,2,1,0
BRDA:24,3,0,0
BRDA:24,3,1,0
BRF:6
BRH:0
end_of_record
TN:
SF:./main/webapp/scripts/components/util/parse-links.service.js
FN:4,(anonymous_1)
FN:5,(anonymous_2)
FN:14,(anonymous_3)
FN:23,(anonymous_4)
FNF:4
FNH:0
FNDA:0,(anonymous_1)
FNDA:0,(anonymous_2)
FNDA:0,(anonymous_3)
FNDA:0,(anonymous_4)
DA:3,1
DA:5,0
DA:6,0
DA:7,0
DA:11,0
DA:12,0
DA:14,0
DA:15,0
DA:16,0
DA:17,0
DA:19,0
DA:20,0
DA:21,0
DA:23,0
DA:25,0
DA:26,0
DA:27,0
DA:29,0
DA:30,0
DA:33,0
LF:20
LH:1
BRDA:6,1,0,0
BRDA:6,1,1,0
BRDA:16,2,0,0
BRDA:16,2,1,0
BRDA:26,3,0,0
BRDA:26,3,1,0
BRF:6
BRH:0
end_of_record
TN:
SF:./main/webapp/scripts/components/util/truncate.filter.js
FN:4,(anonymous_1)
FN:5,(anonymous_2)
FN:31,(anonymous_3)
FN:32,(anonymous_4)
FNF:4
FNH:0
FNDA:0,(anonymous_1)
FNDA:0,(anonymous_2)
FNDA:0,(anonymous_3)
FNDA:0,(anonymous_4)
DA:3,1
DA:5,0
DA:6,0
DA:7,0
DA:9,0
DA:10,0
DA:12,0
DA:13,0
DA:15,0
DA:16,0
DA:18,0
DA:19,0
DA:22,0
DA:23,0
DA:26,0
DA:28,0
DA:32,0
DA:33,0
DA:34,0
DA:36,0
DA:37,0
DA:39,0
DA:40,0
DA:41,0
DA:42,0
DA:45,0
LF:26
LH:1
BRDA:6,1,0,0
BRDA:6,1,1,0
BRDA:9,2,0,0
BRDA:9,2,1,0
BRDA:12,3,0,0
BRDA:12,3,1,0
BRDA:12,4,0,0
BRDA:12,4,1,0
BRDA:15,5,0,0
BRDA:15,5,1,0
BRDA:18,6,0,0
BRDA:18,6,1,0
BRDA:33,7,0,0
BRDA:33,7,1,0
BRDA:36,8,0,0
BRDA:36,8,1,0
BRDA:39,9,0,0
BRDA:39,9,1,0
BRDA:41,10,0,0
BRDA:41,10,1,0
BRF:20
BRH:0
end_of_record
TN:
SF:./test/javascript/spec/app/account/health/health.controller.spec.js
FN:3,(anonymous_1)
FN:7,(anonymous_2)
FN:10,(anonymous_3)
FN:15,(anonymous_4)
FN:16,(anonymous_5)
FN:21,(anonymous_6)
FN:29,(anonymous_7)
FN:40,(anonymous_8)
FN:53,(anonymous_9)
FN:54,(anonymous_10)
FN:60,(anonymous_11)
FN:91,(anonymous_12)
FN:149,(anonymous_13)
FN:215,(anonymous_14)
FN:280,(anonymous_15)
FN:281,(anonymous_16)
FN:285,(anonymous_17)
FN:291,(anonymous_18)
FN:296,(anonymous_19)
FNF:19
FNH:19
FNDA:1,(anonymous_1)
FNDA:1,(anonymous_2)
FNDA:13,(anonymous_3)
FNDA:1,(anonymous_4)
FNDA:1,(anonymous_5)
FNDA:1,(anonymous_6)
FNDA:1,(anonymous_7)
FNDA:1,(anonymous_8)
FNDA:1,(anonymous_9)
FNDA:1,(anonymous_10)
FNDA:1,(anonymous_11)
FNDA:1,(anonymous_12)
FNDA:1,(anonymous_13)
FNDA:1,(anonymous_14)
FNDA:1,(anonymous_15)
FNDA:1,(anonymous_16)
FNDA:1,(anonymous_17)
FNDA:1,(anonymous_18)
FNDA:1,(anonymous_19)
DA:3,1
DA:5,1
DA:7,1
DA:8,1
DA:10,1
DA:11,13
DA:12,13
DA:15,1
DA:16,1
DA:17,1
DA:18,1
DA:21,1
DA:22,1
DA:25,1
DA:26,1
DA:29,1
DA:30,1
DA:36,1
DA:37,1
DA:40,1
DA:41,1
DA:47,1
DA:48,1
DA:53,1
DA:54,1
DA:55,1
DA:56,1
DA:57,1
DA:60,1
DA:61,1
DA:73,1
DA:88,1
DA:91,1
DA:92,1
DA:116,1
DA:146,1
DA:149,1
DA:150,1
DA:175,1
DA:212,1
DA:215,1
DA:216,1
DA:241,1
DA:276,1
DA:280,1
DA:281,1
DA:282,1
DA:285,1
DA:286,1
DA:287,1
DA:288,1
DA:291,1
DA:292,1
DA:293,1
DA:296,1
DA:297,1
LF:56
LH:56
BRF:0
BRH:0
end_of_record
TN:
SF:./test/javascript/spec/app/account/login/login.controller.spec.js
FN:3,(anonymous_1)
FN:7,(anonymous_2)
FN:11,(anonymous_3)
FN:16,(anonymous_4)
FNF:4
FNH:4
FNDA:1,(anonymous_1)
FNDA:1,(anonymous_2)
FNDA:1,(anonymous_3)
FNDA:1,(anonymous_4)
DA:3,1
DA:5,1
DA:7,1
DA:8,1
DA:11,1
DA:12,1
DA:13,1
DA:16,1
DA:17,1
LF:9
LH:9
BRF:0
BRH:0
end_of_record
TN:
SF:./test/javascript/spec/app/account/password/password.controller.spec.js
FN:3,(anonymous_1)
FN:10,(anonymous_2)
FN:12,(anonymous_3)
FN:16,(anonymous_4)
FN:23,(anonymous_5)
FN:24,(anonymous_6)
FN:33,(anonymous_7)
FN:39,(anonymous_8)
FNF:8
FNH:7
FNDA:1,(anonymous_1)
FNDA:2,(anonymous_2)
FNDA:0,(anonymous_3)
FNDA:2,(anonymous_4)
FNDA:1,(anonymous_5)
FNDA:1,(anonymous_6)
FNDA:1,(anonymous_7)
FNDA:1,(anonymous_8)
DA:3,1
DA:5,1
DA:7,1
DA:10,1
DA:11,2
DA:16,1
DA:17,2
DA:18,2
DA:19,2
DA:20,2
DA:23,1
DA:24,1
DA:26,1
DA:27,1
DA:29,1
DA:31,1
DA:33,1
DA:35,1
DA:36,1
DA:37,1
DA:39,1
DA:40,1
DA:41,1
DA:42,1
DA:43,1
DA:47,1
DA:50,1
DA:51,1
LF:28
LH:28
BRF:0
BRH:0
end_of_record
TN:
SF:./test/javascript/spec/app/account/password/password.directive.spec.js
FN:3,(anonymous_1)
FN:9,(anonymous_2)
FN:22,(anonymous_3)
FN:28,(anonymous_4)
FN:29,(anonymous_5)
FN:34,(anonymous_6)
FN:35,(anonymous_7)
FN:49,(anonymous_8)
FN:50,(anonymous_9)
FNF:9
FNH:9
FNDA:1,(anonymous_1)
FNDA:3,(anonymous_2)
FNDA:3,(anonymous_3)
FNDA:1,(anonymous_4)
FNDA:1,(anonymous_5)
FNDA:1,(anonymous_6)
FNDA:1,(anonymous_7)
FNDA:1,(anonymous_8)
FNDA:1,(anonymous_9)
DA:3,1
DA:5,1
DA:7,1
DA:9,1
DA:10,3
DA:12,3
DA:13,3
DA:14,3
DA:15,3
DA:17,3
DA:18,3
DA:19,3
DA:22,1
DA:23,3
DA:24,3
DA:25,3
DA:28,1
DA:29,1
DA:30,1
DA:31,1
DA:34,1
DA:35,1
DA:36,1
DA:39,1
DA:40,1
DA:42,1
DA:43,1
DA:45,1
DA:46,1
DA:49,1
DA:50,1
DA:51,1
DA:54,1
DA:55,1
DA:56,1
DA:58,1
DA:59,1
DA:61,1
DA:62,1
DA:64,1
DA:65,1
DA:67,1
DA:68,1
LF:43
LH:43
BRF:0
BRH:0
end_of_record
TN:
SF:./test/javascript/spec/app/account/settings/settings.controller.spec.js
FN:3,(anonymous_1)
FN:10,(anonymous_2)
FN:12,(anonymous_3)
FN:16,(anonymous_4)
FN:24,(anonymous_5)
FN:26,(anonymous_6)
FN:32,(anonymous_7)
FN:40,(anonymous_8)
FNF:8
FNH:7
FNDA:1,(anonymous_1)
FNDA:1,(anonymous_2)
FNDA:0,(anonymous_3)
FNDA:1,(anonymous_4)
FNDA:1,(anonymous_5)
FNDA:1,(anonymous_6)
FNDA:1,(anonymous_7)
FNDA:1,(anonymous_8)
DA:3,1
DA:5,1
DA:7,1
DA:10,1
DA:11,1
DA:15,1
DA:17,1
DA:18,1
DA:24,1
DA:26,1
DA:27,1
DA:28,1
DA:29,1
DA:32,1
DA:34,1
DA:35,1
DA:38,1
DA:40,1
DA:41,1
DA:42,1
DA:43,1
DA:44,1
DA:49,1
DA:52,1
DA:53,1
LF:25
LH:25
BRF:0
BRH:0
end_of_record
TN:
SF:./test/javascript/spec/components/auth/auth.services.spec.js
FN:3,(anonymous_1)
FN:7,(anonymous_2)
FN:10,(anonymous_3)
FN:22,(anonymous_4)
FN:27,(anonymous_5)
FNF:5
FNH:5
FNDA:1,(anonymous_1)
FNDA:1,(anonymous_2)
FNDA:1,(anonymous_3)
FNDA:1,(anonymous_4)
FNDA:1,(anonymous_5)
DA:3,1
DA:5,1
DA:7,1
DA:8,1
DA:10,1
DA:11,1
DA:12,1
DA:13,1
DA:14,1
DA:16,1
DA:17,1
DA:18,1
DA:22,1
DA:23,1
DA:24,1
DA:27,1
DA:30,1
DA:31,1
DA:34,1
DA:36,1
DA:39,1
DA:40,1
LF:22
LH:22
BRF:0
BRH:0
end_of_record
